<?xml version="1.0" encoding="utf-8"?>
<CoverageSession xmlns:xsd="http://www.w3.org/2001/XMLSchema" xmlns:xsi="http://www.w3.org/2001/XMLSchema-instance" Version="4.6.0.0">
  <Summary numSequencePoints="354" visitedSequencePoints="257" numBranchPoints="100" visitedBranchPoints="72" sequenceCoverage="72.60" branchCoverage="72" maxCyclomaticComplexity="14" minCyclomaticComplexity="1" maxCrapScore="90" minCrapScore="1" visitedClasses="3" numClasses="4" visitedMethods="18" numMethods="22" />
  <Modules>
    <Module hash="E4-DD-51-B6-95-16-ED-2F-A9-06-1A-0B-0D-4B-39-5D-69-7C-02-9B">
      <Summary numSequencePoints="88" visitedSequencePoints="88" numBranchPoints="10" visitedBranchPoints="10" sequenceCoverage="100" branchCoverage="100" maxCyclomaticComplexity="1" minCyclomaticComplexity="1" maxCrapScore="2" minCrapScore="1" visitedClasses="1" numClasses="1" visitedMethods="10" numMethods="10" />
      <ModulePath>C:\Users\ilyac\source\repos\FuntionParser\Tests\bin\Debug\Tests.dll</ModulePath>
      <ModuleTime>2019-05-11T07:30:45.0476202Z</ModuleTime>
      <ModuleName>Tests</ModuleName>
      <Files>
        <File uid="1" fullPath="C:\Users\ilyac\source\repos\FuntionParser\Tests\ParseTests.cs" />
      </Files>
      <Classes>
        <Class>
          <Summary numSequencePoints="88" visitedSequencePoints="88" numBranchPoints="10" visitedBranchPoints="10" sequenceCoverage="100" branchCoverage="100" maxCyclomaticComplexity="1" minCyclomaticComplexity="1" maxCrapScore="2" minCrapScore="1" visitedClasses="1" numClasses="1" visitedMethods="10" numMethods="10" />
          <FullName>Tests.ParseTests</FullName>
          <Methods>
            <Method visited="true" cyclomaticComplexity="1" nPathComplexity="0" sequenceCoverage="100" branchCoverage="100" crapScore="1" isConstructor="false" isStatic="false" isGetter="false" isSetter="false">
              <Summary numSequencePoints="12" visitedSequencePoints="12" numBranchPoints="1" visitedBranchPoints="1" sequenceCoverage="100" branchCoverage="100" maxCyclomaticComplexity="1" minCyclomaticComplexity="1" maxCrapScore="1" minCrapScore="1" visitedClasses="0" numClasses="0" visitedMethods="1" numMethods="1" />
              <MetadataToken>100663297</MetadataToken>
              <Name>System.Void Tests.ParseTests::CreateFields()</Name>
              <FileRef uid="1" />
              <SequencePoints>
                <SequencePoint vc="9" uspid="1" ordinal="0" offset="0" sl="19" sc="9" el="19" ec="10" bec="0" bev="0" fileid="1" />
                <SequencePoint vc="9" uspid="2" ordinal="1" offset="1" sl="20" sc="13" el="20" ec="48" bec="0" bev="0" fileid="1" />
                <SequencePoint vc="9" uspid="3" ordinal="2" offset="12" sl="21" sc="13" el="21" ec="28" bec="0" bev="0" fileid="1" />
                <SequencePoint vc="9" uspid="4" ordinal="3" offset="30" sl="22" sc="13" el="22" ec="28" bec="0" bev="0" fileid="1" />
                <SequencePoint vc="9" uspid="5" ordinal="4" offset="48" sl="23" sc="13" el="23" ec="28" bec="0" bev="0" fileid="1" />
                <SequencePoint vc="9" uspid="6" ordinal="5" offset="66" sl="24" sc="13" el="24" ec="28" bec="0" bev="0" fileid="1" />
                <SequencePoint vc="9" uspid="7" ordinal="6" offset="84" sl="25" sc="13" el="25" ec="28" bec="0" bev="0" fileid="1" />
                <SequencePoint vc="9" uspid="8" ordinal="7" offset="102" sl="26" sc="13" el="26" ec="28" bec="0" bev="0" fileid="1" />
                <SequencePoint vc="9" uspid="9" ordinal="8" offset="120" sl="27" sc="13" el="27" ec="34" bec="0" bev="0" fileid="1" />
                <SequencePoint vc="9" uspid="10" ordinal="9" offset="137" sl="28" sc="13" el="28" ec="53" bec="0" bev="0" fileid="1" />
                <SequencePoint vc="9" uspid="11" ordinal="10" offset="148" sl="29" sc="13" el="29" ec="26" bec="0" bev="0" fileid="1" />
                <SequencePoint vc="9" uspid="12" ordinal="11" offset="160" sl="30" sc="9" el="30" ec="10" bec="0" bev="0" fileid="1" />
              </SequencePoints>
              <BranchPoints />
              <MethodPoint xsi:type="SequencePoint" vc="9" uspid="1" ordinal="0" offset="0" sl="19" sc="9" el="19" ec="10" bec="0" bev="0" fileid="1" />
            </Method>
            <Method visited="true" cyclomaticComplexity="1" nPathComplexity="0" sequenceCoverage="100" branchCoverage="100" crapScore="1" isConstructor="false" isStatic="false" isGetter="false" isSetter="false">
              <Summary numSequencePoints="8" visitedSequencePoints="8" numBranchPoints="1" visitedBranchPoints="1" sequenceCoverage="100" branchCoverage="100" maxCyclomaticComplexity="1" minCyclomaticComplexity="1" maxCrapScore="1" minCrapScore="1" visitedClasses="0" numClasses="0" visitedMethods="1" numMethods="1" />
              <MetadataToken>100663298</MetadataToken>
              <Name>System.Void Tests.ParseTests::SimpleSum()</Name>
              <FileRef uid="1" />
              <SequencePoints>
                <SequencePoint vc="1" uspid="13" ordinal="0" offset="0" sl="33" sc="9" el="33" ec="10" bec="0" bev="0" fileid="1">
                  <TrackedMethodRefs>
                    <TrackedMethodRef uid="1" vc="1" />
                  </TrackedMethodRefs>
                </SequencePoint>
                <SequencePoint vc="1" uspid="14" ordinal="1" offset="1" sl="34" sc="13" el="34" ec="39" bec="0" bev="0" fileid="1">
                  <TrackedMethodRefs>
                    <TrackedMethodRef uid="1" vc="1" />
                  </TrackedMethodRefs>
                </SequencePoint>
                <SequencePoint vc="1" uspid="15" ordinal="2" offset="7" sl="35" sc="13" el="35" ec="30" bec="0" bev="0" fileid="1">
                  <TrackedMethodRefs>
                    <TrackedMethodRef uid="1" vc="1" />
                  </TrackedMethodRefs>
                </SequencePoint>
                <SequencePoint vc="1" uspid="16" ordinal="3" offset="33" sl="36" sc="13" el="36" ec="30" bec="0" bev="0" fileid="1">
                  <TrackedMethodRefs>
                    <TrackedMethodRef uid="1" vc="1" />
                  </TrackedMethodRefs>
                </SequencePoint>
                <SequencePoint vc="1" uspid="17" ordinal="4" offset="59" sl="37" sc="13" el="37" ec="33" bec="0" bev="0" fileid="1">
                  <TrackedMethodRefs>
                    <TrackedMethodRef uid="1" vc="1" />
                  </TrackedMethodRefs>
                </SequencePoint>
                <SequencePoint vc="1" uspid="18" ordinal="5" offset="69" sl="38" sc="13" el="38" ec="64" bec="0" bev="0" fileid="1">
                  <TrackedMethodRefs>
                    <TrackedMethodRef uid="1" vc="1" />
                  </TrackedMethodRefs>
                </SequencePoint>
                <SequencePoint vc="1" uspid="19" ordinal="6" offset="88" sl="39" sc="13" el="39" ec="47" bec="0" bev="0" fileid="1">
                  <TrackedMethodRefs>
                    <TrackedMethodRef uid="1" vc="1" />
                  </TrackedMethodRefs>
                </SequencePoint>
                <SequencePoint vc="1" uspid="20" ordinal="7" offset="106" sl="40" sc="9" el="40" ec="10" bec="0" bev="0" fileid="1">
                  <TrackedMethodRefs>
                    <TrackedMethodRef uid="1" vc="1" />
                  </TrackedMethodRefs>
                </SequencePoint>
              </SequencePoints>
              <BranchPoints />
              <MethodPoint xsi:type="SequencePoint" vc="1" uspid="13" ordinal="0" offset="0" sl="33" sc="9" el="33" ec="10" bec="0" bev="0" fileid="1">
                <TrackedMethodRefs>
                  <TrackedMethodRef uid="1" vc="1" />
                </TrackedMethodRefs>
              </MethodPoint>
            </Method>
            <Method visited="true" cyclomaticComplexity="1" nPathComplexity="0" sequenceCoverage="100" branchCoverage="100" crapScore="1" isConstructor="false" isStatic="false" isGetter="false" isSetter="false">
              <Summary numSequencePoints="8" visitedSequencePoints="8" numBranchPoints="1" visitedBranchPoints="1" sequenceCoverage="100" branchCoverage="100" maxCyclomaticComplexity="1" minCyclomaticComplexity="1" maxCrapScore="1" minCrapScore="1" visitedClasses="0" numClasses="0" visitedMethods="1" numMethods="1" />
              <MetadataToken>100663299</MetadataToken>
              <Name>System.Void Tests.ParseTests::SimpleMul()</Name>
              <FileRef uid="1" />
              <SequencePoints>
                <SequencePoint vc="1" uspid="21" ordinal="0" offset="0" sl="44" sc="9" el="44" ec="10" bec="0" bev="0" fileid="1">
                  <TrackedMethodRefs>
                    <TrackedMethodRef uid="2" vc="1" />
                  </TrackedMethodRefs>
                </SequencePoint>
                <SequencePoint vc="1" uspid="22" ordinal="1" offset="1" sl="45" sc="13" el="45" ec="39" bec="0" bev="0" fileid="1">
                  <TrackedMethodRefs>
                    <TrackedMethodRef uid="2" vc="1" />
                  </TrackedMethodRefs>
                </SequencePoint>
                <SequencePoint vc="1" uspid="23" ordinal="2" offset="7" sl="46" sc="13" el="46" ec="30" bec="0" bev="0" fileid="1">
                  <TrackedMethodRefs>
                    <TrackedMethodRef uid="2" vc="1" />
                  </TrackedMethodRefs>
                </SequencePoint>
                <SequencePoint vc="1" uspid="24" ordinal="3" offset="33" sl="47" sc="13" el="47" ec="30" bec="0" bev="0" fileid="1">
                  <TrackedMethodRefs>
                    <TrackedMethodRef uid="2" vc="1" />
                  </TrackedMethodRefs>
                </SequencePoint>
                <SequencePoint vc="1" uspid="25" ordinal="4" offset="59" sl="48" sc="13" el="48" ec="34" bec="0" bev="0" fileid="1">
                  <TrackedMethodRefs>
                    <TrackedMethodRef uid="2" vc="1" />
                  </TrackedMethodRefs>
                </SequencePoint>
                <SequencePoint vc="1" uspid="26" ordinal="5" offset="69" sl="49" sc="13" el="49" ec="64" bec="0" bev="0" fileid="1">
                  <TrackedMethodRefs>
                    <TrackedMethodRef uid="2" vc="1" />
                  </TrackedMethodRefs>
                </SequencePoint>
                <SequencePoint vc="1" uspid="27" ordinal="6" offset="88" sl="50" sc="13" el="50" ec="47" bec="0" bev="0" fileid="1">
                  <TrackedMethodRefs>
                    <TrackedMethodRef uid="2" vc="1" />
                  </TrackedMethodRefs>
                </SequencePoint>
                <SequencePoint vc="1" uspid="28" ordinal="7" offset="106" sl="51" sc="9" el="51" ec="10" bec="0" bev="0" fileid="1">
                  <TrackedMethodRefs>
                    <TrackedMethodRef uid="2" vc="1" />
                  </TrackedMethodRefs>
                </SequencePoint>
              </SequencePoints>
              <BranchPoints />
              <MethodPoint xsi:type="SequencePoint" vc="1" uspid="21" ordinal="0" offset="0" sl="44" sc="9" el="44" ec="10" bec="0" bev="0" fileid="1">
                <TrackedMethodRefs>
                  <TrackedMethodRef uid="2" vc="1" />
                </TrackedMethodRefs>
              </MethodPoint>
            </Method>
            <Method visited="true" cyclomaticComplexity="1" nPathComplexity="0" sequenceCoverage="100" branchCoverage="100" crapScore="1" isConstructor="false" isStatic="false" isGetter="false" isSetter="false">
              <Summary numSequencePoints="8" visitedSequencePoints="8" numBranchPoints="1" visitedBranchPoints="1" sequenceCoverage="100" branchCoverage="100" maxCyclomaticComplexity="1" minCyclomaticComplexity="1" maxCrapScore="1" minCrapScore="1" visitedClasses="0" numClasses="0" visitedMethods="1" numMethods="1" />
              <MetadataToken>100663300</MetadataToken>
              <Name>System.Void Tests.ParseTests::SimplePow()</Name>
              <FileRef uid="1" />
              <SequencePoints>
                <SequencePoint vc="1" uspid="29" ordinal="0" offset="0" sl="55" sc="9" el="55" ec="10" bec="0" bev="0" fileid="1">
                  <TrackedMethodRefs>
                    <TrackedMethodRef uid="3" vc="1" />
                  </TrackedMethodRefs>
                </SequencePoint>
                <SequencePoint vc="1" uspid="30" ordinal="1" offset="1" sl="56" sc="13" el="56" ec="39" bec="0" bev="0" fileid="1">
                  <TrackedMethodRefs>
                    <TrackedMethodRef uid="3" vc="1" />
                  </TrackedMethodRefs>
                </SequencePoint>
                <SequencePoint vc="1" uspid="31" ordinal="2" offset="7" sl="57" sc="13" el="57" ec="30" bec="0" bev="0" fileid="1">
                  <TrackedMethodRefs>
                    <TrackedMethodRef uid="3" vc="1" />
                  </TrackedMethodRefs>
                </SequencePoint>
                <SequencePoint vc="1" uspid="32" ordinal="3" offset="33" sl="58" sc="13" el="58" ec="30" bec="0" bev="0" fileid="1">
                  <TrackedMethodRefs>
                    <TrackedMethodRef uid="3" vc="1" />
                  </TrackedMethodRefs>
                </SequencePoint>
                <SequencePoint vc="1" uspid="33" ordinal="4" offset="59" sl="59" sc="13" el="59" ec="34" bec="0" bev="0" fileid="1">
                  <TrackedMethodRefs>
                    <TrackedMethodRef uid="3" vc="1" />
                  </TrackedMethodRefs>
                </SequencePoint>
                <SequencePoint vc="1" uspid="34" ordinal="5" offset="69" sl="60" sc="13" el="60" ec="64" bec="0" bev="0" fileid="1">
                  <TrackedMethodRefs>
                    <TrackedMethodRef uid="3" vc="1" />
                  </TrackedMethodRefs>
                </SequencePoint>
                <SequencePoint vc="1" uspid="35" ordinal="6" offset="88" sl="61" sc="13" el="61" ec="47" bec="0" bev="0" fileid="1">
                  <TrackedMethodRefs>
                    <TrackedMethodRef uid="3" vc="1" />
                  </TrackedMethodRefs>
                </SequencePoint>
                <SequencePoint vc="1" uspid="36" ordinal="7" offset="106" sl="62" sc="9" el="62" ec="10" bec="0" bev="0" fileid="1">
                  <TrackedMethodRefs>
                    <TrackedMethodRef uid="3" vc="1" />
                  </TrackedMethodRefs>
                </SequencePoint>
              </SequencePoints>
              <BranchPoints />
              <MethodPoint xsi:type="SequencePoint" vc="1" uspid="29" ordinal="0" offset="0" sl="55" sc="9" el="55" ec="10" bec="0" bev="0" fileid="1">
                <TrackedMethodRefs>
                  <TrackedMethodRef uid="3" vc="1" />
                </TrackedMethodRefs>
              </MethodPoint>
            </Method>
            <Method visited="true" cyclomaticComplexity="1" nPathComplexity="0" sequenceCoverage="100" branchCoverage="100" crapScore="1" isConstructor="false" isStatic="false" isGetter="false" isSetter="false">
              <Summary numSequencePoints="8" visitedSequencePoints="8" numBranchPoints="1" visitedBranchPoints="1" sequenceCoverage="100" branchCoverage="100" maxCyclomaticComplexity="1" minCyclomaticComplexity="1" maxCrapScore="1" minCrapScore="1" visitedClasses="0" numClasses="0" visitedMethods="1" numMethods="1" />
              <MetadataToken>100663301</MetadataToken>
              <Name>System.Void Tests.ParseTests::SimpleDiv()</Name>
              <FileRef uid="1" />
              <SequencePoints>
                <SequencePoint vc="1" uspid="37" ordinal="0" offset="0" sl="66" sc="9" el="66" ec="10" bec="0" bev="0" fileid="1">
                  <TrackedMethodRefs>
                    <TrackedMethodRef uid="4" vc="1" />
                  </TrackedMethodRefs>
                </SequencePoint>
                <SequencePoint vc="1" uspid="38" ordinal="1" offset="1" sl="67" sc="13" el="67" ec="39" bec="0" bev="0" fileid="1">
                  <TrackedMethodRefs>
                    <TrackedMethodRef uid="4" vc="1" />
                  </TrackedMethodRefs>
                </SequencePoint>
                <SequencePoint vc="1" uspid="39" ordinal="2" offset="7" sl="68" sc="13" el="68" ec="30" bec="0" bev="0" fileid="1">
                  <TrackedMethodRefs>
                    <TrackedMethodRef uid="4" vc="1" />
                  </TrackedMethodRefs>
                </SequencePoint>
                <SequencePoint vc="1" uspid="40" ordinal="3" offset="33" sl="69" sc="13" el="69" ec="30" bec="0" bev="0" fileid="1">
                  <TrackedMethodRefs>
                    <TrackedMethodRef uid="4" vc="1" />
                  </TrackedMethodRefs>
                </SequencePoint>
                <SequencePoint vc="1" uspid="41" ordinal="4" offset="59" sl="70" sc="13" el="70" ec="35" bec="0" bev="0" fileid="1">
                  <TrackedMethodRefs>
                    <TrackedMethodRef uid="4" vc="1" />
                  </TrackedMethodRefs>
                </SequencePoint>
                <SequencePoint vc="1" uspid="42" ordinal="5" offset="69" sl="71" sc="13" el="71" ec="64" bec="0" bev="0" fileid="1">
                  <TrackedMethodRefs>
                    <TrackedMethodRef uid="4" vc="1" />
                  </TrackedMethodRefs>
                </SequencePoint>
                <SequencePoint vc="1" uspid="43" ordinal="6" offset="88" sl="72" sc="13" el="72" ec="47" bec="0" bev="0" fileid="1">
                  <TrackedMethodRefs>
                    <TrackedMethodRef uid="4" vc="1" />
                  </TrackedMethodRefs>
                </SequencePoint>
                <SequencePoint vc="1" uspid="44" ordinal="7" offset="106" sl="73" sc="9" el="73" ec="10" bec="0" bev="0" fileid="1">
                  <TrackedMethodRefs>
                    <TrackedMethodRef uid="4" vc="1" />
                  </TrackedMethodRefs>
                </SequencePoint>
              </SequencePoints>
              <BranchPoints />
              <MethodPoint xsi:type="SequencePoint" vc="1" uspid="37" ordinal="0" offset="0" sl="66" sc="9" el="66" ec="10" bec="0" bev="0" fileid="1">
                <TrackedMethodRefs>
                  <TrackedMethodRef uid="4" vc="1" />
                </TrackedMethodRefs>
              </MethodPoint>
            </Method>
            <Method visited="true" cyclomaticComplexity="1" nPathComplexity="0" sequenceCoverage="100" branchCoverage="100" crapScore="1" isConstructor="false" isStatic="false" isGetter="false" isSetter="false">
              <Summary numSequencePoints="8" visitedSequencePoints="8" numBranchPoints="1" visitedBranchPoints="1" sequenceCoverage="100" branchCoverage="100" maxCyclomaticComplexity="1" minCyclomaticComplexity="1" maxCrapScore="1" minCrapScore="1" visitedClasses="0" numClasses="0" visitedMethods="1" numMethods="1" />
              <MetadataToken>100663302</MetadataToken>
              <Name>System.Void Tests.ParseTests::SimpleSub()</Name>
              <FileRef uid="1" />
              <SequencePoints>
                <SequencePoint vc="1" uspid="45" ordinal="0" offset="0" sl="77" sc="9" el="77" ec="10" bec="0" bev="0" fileid="1">
                  <TrackedMethodRefs>
                    <TrackedMethodRef uid="5" vc="1" />
                  </TrackedMethodRefs>
                </SequencePoint>
                <SequencePoint vc="1" uspid="46" ordinal="1" offset="1" sl="78" sc="13" el="78" ec="39" bec="0" bev="0" fileid="1">
                  <TrackedMethodRefs>
                    <TrackedMethodRef uid="5" vc="1" />
                  </TrackedMethodRefs>
                </SequencePoint>
                <SequencePoint vc="1" uspid="47" ordinal="2" offset="7" sl="79" sc="13" el="79" ec="30" bec="0" bev="0" fileid="1">
                  <TrackedMethodRefs>
                    <TrackedMethodRef uid="5" vc="1" />
                  </TrackedMethodRefs>
                </SequencePoint>
                <SequencePoint vc="1" uspid="48" ordinal="3" offset="33" sl="80" sc="13" el="80" ec="30" bec="0" bev="0" fileid="1">
                  <TrackedMethodRefs>
                    <TrackedMethodRef uid="5" vc="1" />
                  </TrackedMethodRefs>
                </SequencePoint>
                <SequencePoint vc="1" uspid="49" ordinal="4" offset="59" sl="81" sc="13" el="81" ec="33" bec="0" bev="0" fileid="1">
                  <TrackedMethodRefs>
                    <TrackedMethodRef uid="5" vc="1" />
                  </TrackedMethodRefs>
                </SequencePoint>
                <SequencePoint vc="1" uspid="50" ordinal="5" offset="69" sl="82" sc="13" el="82" ec="64" bec="0" bev="0" fileid="1">
                  <TrackedMethodRefs>
                    <TrackedMethodRef uid="5" vc="1" />
                  </TrackedMethodRefs>
                </SequencePoint>
                <SequencePoint vc="1" uspid="51" ordinal="6" offset="88" sl="83" sc="13" el="83" ec="47" bec="0" bev="0" fileid="1">
                  <TrackedMethodRefs>
                    <TrackedMethodRef uid="5" vc="1" />
                  </TrackedMethodRefs>
                </SequencePoint>
                <SequencePoint vc="1" uspid="52" ordinal="7" offset="106" sl="84" sc="9" el="84" ec="10" bec="0" bev="0" fileid="1">
                  <TrackedMethodRefs>
                    <TrackedMethodRef uid="5" vc="1" />
                  </TrackedMethodRefs>
                </SequencePoint>
              </SequencePoints>
              <BranchPoints />
              <MethodPoint xsi:type="SequencePoint" vc="1" uspid="45" ordinal="0" offset="0" sl="77" sc="9" el="77" ec="10" bec="0" bev="0" fileid="1">
                <TrackedMethodRefs>
                  <TrackedMethodRef uid="5" vc="1" />
                </TrackedMethodRefs>
              </MethodPoint>
            </Method>
            <Method visited="true" cyclomaticComplexity="1" nPathComplexity="0" sequenceCoverage="100" branchCoverage="100" crapScore="1" isConstructor="false" isStatic="false" isGetter="false" isSetter="false">
              <Summary numSequencePoints="10" visitedSequencePoints="10" numBranchPoints="1" visitedBranchPoints="1" sequenceCoverage="100" branchCoverage="100" maxCyclomaticComplexity="1" minCyclomaticComplexity="1" maxCrapScore="1" minCrapScore="1" visitedClasses="0" numClasses="0" visitedMethods="1" numMethods="1" />
              <MetadataToken>100663303</MetadataToken>
              <Name>System.Void Tests.ParseTests::MixedPriority()</Name>
              <FileRef uid="1" />
              <SequencePoints>
                <SequencePoint vc="1" uspid="53" ordinal="0" offset="0" sl="88" sc="9" el="88" ec="10" bec="0" bev="0" fileid="1">
                  <TrackedMethodRefs>
                    <TrackedMethodRef uid="6" vc="1" />
                  </TrackedMethodRefs>
                </SequencePoint>
                <SequencePoint vc="1" uspid="54" ordinal="1" offset="1" sl="89" sc="13" el="89" ec="49" bec="0" bev="0" fileid="1">
                  <TrackedMethodRefs>
                    <TrackedMethodRef uid="6" vc="1" />
                  </TrackedMethodRefs>
                </SequencePoint>
                <SequencePoint vc="1" uspid="55" ordinal="2" offset="7" sl="90" sc="13" el="90" ec="30" bec="0" bev="0" fileid="1">
                  <TrackedMethodRefs>
                    <TrackedMethodRef uid="6" vc="1" />
                  </TrackedMethodRefs>
                </SequencePoint>
                <SequencePoint vc="1" uspid="56" ordinal="3" offset="33" sl="91" sc="13" el="91" ec="30" bec="0" bev="0" fileid="1">
                  <TrackedMethodRefs>
                    <TrackedMethodRef uid="6" vc="1" />
                  </TrackedMethodRefs>
                </SequencePoint>
                <SequencePoint vc="1" uspid="57" ordinal="4" offset="59" sl="92" sc="13" el="92" ec="30" bec="0" bev="0" fileid="1">
                  <TrackedMethodRefs>
                    <TrackedMethodRef uid="6" vc="1" />
                  </TrackedMethodRefs>
                </SequencePoint>
                <SequencePoint vc="1" uspid="58" ordinal="5" offset="85" sl="93" sc="13" el="93" ec="30" bec="0" bev="0" fileid="1">
                  <TrackedMethodRefs>
                    <TrackedMethodRef uid="6" vc="1" />
                  </TrackedMethodRefs>
                </SequencePoint>
                <SequencePoint vc="1" uspid="59" ordinal="6" offset="111" sl="94" sc="13" el="94" ec="34" bec="0" bev="0" fileid="1">
                  <TrackedMethodRefs>
                    <TrackedMethodRef uid="6" vc="1" />
                  </TrackedMethodRefs>
                </SequencePoint>
                <SequencePoint vc="1" uspid="60" ordinal="7" offset="121" sl="95" sc="13" el="95" ec="64" bec="0" bev="0" fileid="1">
                  <TrackedMethodRefs>
                    <TrackedMethodRef uid="6" vc="1" />
                  </TrackedMethodRefs>
                </SequencePoint>
                <SequencePoint vc="1" uspid="61" ordinal="8" offset="140" sl="96" sc="13" el="96" ec="47" bec="0" bev="0" fileid="1">
                  <TrackedMethodRefs>
                    <TrackedMethodRef uid="6" vc="1" />
                  </TrackedMethodRefs>
                </SequencePoint>
                <SequencePoint vc="1" uspid="62" ordinal="9" offset="158" sl="97" sc="9" el="97" ec="10" bec="0" bev="0" fileid="1">
                  <TrackedMethodRefs>
                    <TrackedMethodRef uid="6" vc="1" />
                  </TrackedMethodRefs>
                </SequencePoint>
              </SequencePoints>
              <BranchPoints />
              <MethodPoint xsi:type="SequencePoint" vc="1" uspid="53" ordinal="0" offset="0" sl="88" sc="9" el="88" ec="10" bec="0" bev="0" fileid="1">
                <TrackedMethodRefs>
                  <TrackedMethodRef uid="6" vc="1" />
                </TrackedMethodRefs>
              </MethodPoint>
            </Method>
            <Method visited="true" cyclomaticComplexity="1" nPathComplexity="0" sequenceCoverage="100" branchCoverage="100" crapScore="1" isConstructor="false" isStatic="false" isGetter="false" isSetter="false">
              <Summary numSequencePoints="6" visitedSequencePoints="6" numBranchPoints="1" visitedBranchPoints="1" sequenceCoverage="100" branchCoverage="100" maxCyclomaticComplexity="1" minCyclomaticComplexity="1" maxCrapScore="1" minCrapScore="1" visitedClasses="0" numClasses="0" visitedMethods="1" numMethods="1" />
              <MetadataToken>100663304</MetadataToken>
              <Name>System.Void Tests.ParseTests::IWantBrackets()</Name>
              <FileRef uid="1" />
              <SequencePoints>
                <SequencePoint vc="1" uspid="63" ordinal="0" offset="0" sl="101" sc="9" el="101" ec="10" bec="0" bev="0" fileid="1">
                  <TrackedMethodRefs>
                    <TrackedMethodRef uid="7" vc="1" />
                  </TrackedMethodRefs>
                </SequencePoint>
                <SequencePoint vc="1" uspid="64" ordinal="1" offset="1" sl="102" sc="13" el="102" ec="41" bec="0" bev="0" fileid="1">
                  <TrackedMethodRefs>
                    <TrackedMethodRef uid="7" vc="1" />
                  </TrackedMethodRefs>
                </SequencePoint>
                <SequencePoint vc="1" uspid="65" ordinal="2" offset="7" sl="103" sc="13" el="103" ec="67" bec="0" bev="0" fileid="1">
                  <TrackedMethodRefs>
                    <TrackedMethodRef uid="7" vc="1" />
                  </TrackedMethodRefs>
                </SequencePoint>
                <SequencePoint vc="1" uspid="66" ordinal="3" offset="20" sl="104" sc="13" el="104" ec="74" bec="0" bev="0" fileid="1">
                  <TrackedMethodRefs>
                    <TrackedMethodRef uid="7" vc="1" />
                  </TrackedMethodRefs>
                </SequencePoint>
                <SequencePoint vc="1" uspid="67" ordinal="4" offset="62" sl="105" sc="13" el="105" ec="47" bec="0" bev="0" fileid="1">
                  <TrackedMethodRefs>
                    <TrackedMethodRef uid="7" vc="1" />
                  </TrackedMethodRefs>
                </SequencePoint>
                <SequencePoint vc="1" uspid="68" ordinal="5" offset="70" sl="106" sc="9" el="106" ec="10" bec="0" bev="0" fileid="1">
                  <TrackedMethodRefs>
                    <TrackedMethodRef uid="7" vc="1" />
                  </TrackedMethodRefs>
                </SequencePoint>
              </SequencePoints>
              <BranchPoints />
              <MethodPoint xsi:type="SequencePoint" vc="1" uspid="63" ordinal="0" offset="0" sl="101" sc="9" el="101" ec="10" bec="0" bev="0" fileid="1">
                <TrackedMethodRefs>
                  <TrackedMethodRef uid="7" vc="1" />
                </TrackedMethodRefs>
              </MethodPoint>
            </Method>
            <Method visited="true" cyclomaticComplexity="1" nPathComplexity="0" sequenceCoverage="100" branchCoverage="100" crapScore="1" isConstructor="false" isStatic="false" isGetter="false" isSetter="false">
              <Summary numSequencePoints="9" visitedSequencePoints="9" numBranchPoints="1" visitedBranchPoints="1" sequenceCoverage="100" branchCoverage="100" maxCyclomaticComplexity="1" minCyclomaticComplexity="1" maxCrapScore="1" minCrapScore="1" visitedClasses="0" numClasses="0" visitedMethods="1" numMethods="1" />
              <MetadataToken>100663305</MetadataToken>
              <Name>System.Void Tests.ParseTests::IHaveBrackets()</Name>
              <FileRef uid="1" />
              <SequencePoints>
                <SequencePoint vc="1" uspid="69" ordinal="0" offset="0" sl="110" sc="9" el="110" ec="10" bec="0" bev="0" fileid="1">
                  <TrackedMethodRefs>
                    <TrackedMethodRef uid="8" vc="1" />
                  </TrackedMethodRefs>
                </SequencePoint>
                <SequencePoint vc="1" uspid="70" ordinal="1" offset="1" sl="111" sc="13" el="111" ec="45" bec="0" bev="0" fileid="1">
                  <TrackedMethodRefs>
                    <TrackedMethodRef uid="8" vc="1" />
                  </TrackedMethodRefs>
                </SequencePoint>
                <SequencePoint vc="1" uspid="71" ordinal="2" offset="7" sl="112" sc="13" el="112" ec="30" bec="0" bev="0" fileid="1">
                  <TrackedMethodRefs>
                    <TrackedMethodRef uid="8" vc="1" />
                  </TrackedMethodRefs>
                </SequencePoint>
                <SequencePoint vc="1" uspid="72" ordinal="3" offset="33" sl="113" sc="13" el="113" ec="30" bec="0" bev="0" fileid="1">
                  <TrackedMethodRefs>
                    <TrackedMethodRef uid="8" vc="1" />
                  </TrackedMethodRefs>
                </SequencePoint>
                <SequencePoint vc="1" uspid="73" ordinal="4" offset="59" sl="114" sc="13" el="114" ec="30" bec="0" bev="0" fileid="1">
                  <TrackedMethodRefs>
                    <TrackedMethodRef uid="8" vc="1" />
                  </TrackedMethodRefs>
                </SequencePoint>
                <SequencePoint vc="1" uspid="74" ordinal="5" offset="85" sl="115" sc="13" el="115" ec="33" bec="0" bev="0" fileid="1">
                  <TrackedMethodRefs>
                    <TrackedMethodRef uid="8" vc="1" />
                  </TrackedMethodRefs>
                </SequencePoint>
                <SequencePoint vc="1" uspid="75" ordinal="6" offset="95" sl="116" sc="13" el="116" ec="64" bec="0" bev="0" fileid="1">
                  <TrackedMethodRefs>
                    <TrackedMethodRef uid="8" vc="1" />
                  </TrackedMethodRefs>
                </SequencePoint>
                <SequencePoint vc="1" uspid="76" ordinal="7" offset="114" sl="117" sc="13" el="117" ec="47" bec="0" bev="0" fileid="1">
                  <TrackedMethodRefs>
                    <TrackedMethodRef uid="8" vc="1" />
                  </TrackedMethodRefs>
                </SequencePoint>
                <SequencePoint vc="1" uspid="77" ordinal="8" offset="132" sl="118" sc="9" el="118" ec="10" bec="0" bev="0" fileid="1">
                  <TrackedMethodRefs>
                    <TrackedMethodRef uid="8" vc="1" />
                  </TrackedMethodRefs>
                </SequencePoint>
              </SequencePoints>
              <BranchPoints />
              <MethodPoint xsi:type="SequencePoint" vc="1" uspid="69" ordinal="0" offset="0" sl="110" sc="9" el="110" ec="10" bec="0" bev="0" fileid="1">
                <TrackedMethodRefs>
                  <TrackedMethodRef uid="8" vc="1" />
                </TrackedMethodRefs>
              </MethodPoint>
            </Method>
            <Method visited="true" cyclomaticComplexity="1" nPathComplexity="0" sequenceCoverage="100" branchCoverage="100" crapScore="1" isConstructor="false" isStatic="false" isGetter="false" isSetter="false">
              <Summary numSequencePoints="11" visitedSequencePoints="11" numBranchPoints="1" visitedBranchPoints="1" sequenceCoverage="100" branchCoverage="100" maxCyclomaticComplexity="1" minCyclomaticComplexity="1" maxCrapScore="1" minCrapScore="1" visitedClasses="0" numClasses="0" visitedMethods="1" numMethods="1" />
              <MetadataToken>100663306</MetadataToken>
              <Name>System.Void Tests.ParseTests::DeepBrackets()</Name>
              <FileRef uid="1" />
              <SequencePoints>
                <SequencePoint vc="1" uspid="78" ordinal="0" offset="0" sl="122" sc="9" el="122" ec="10" bec="0" bev="0" fileid="1">
                  <TrackedMethodRefs>
                    <TrackedMethodRef uid="9" vc="1" />
                  </TrackedMethodRefs>
                </SequencePoint>
                <SequencePoint vc="1" uspid="79" ordinal="1" offset="1" sl="123" sc="13" el="123" ec="51" bec="0" bev="0" fileid="1">
                  <TrackedMethodRefs>
                    <TrackedMethodRef uid="9" vc="1" />
                  </TrackedMethodRefs>
                </SequencePoint>
                <SequencePoint vc="1" uspid="80" ordinal="2" offset="7" sl="124" sc="13" el="124" ec="30" bec="0" bev="0" fileid="1">
                  <TrackedMethodRefs>
                    <TrackedMethodRef uid="9" vc="1" />
                  </TrackedMethodRefs>
                </SequencePoint>
                <SequencePoint vc="1" uspid="81" ordinal="3" offset="33" sl="125" sc="13" el="125" ec="30" bec="0" bev="0" fileid="1">
                  <TrackedMethodRefs>
                    <TrackedMethodRef uid="9" vc="1" />
                  </TrackedMethodRefs>
                </SequencePoint>
                <SequencePoint vc="1" uspid="82" ordinal="4" offset="59" sl="126" sc="13" el="126" ec="30" bec="0" bev="0" fileid="1">
                  <TrackedMethodRefs>
                    <TrackedMethodRef uid="9" vc="1" />
                  </TrackedMethodRefs>
                </SequencePoint>
                <SequencePoint vc="1" uspid="83" ordinal="5" offset="85" sl="127" sc="13" el="127" ec="30" bec="0" bev="0" fileid="1">
                  <TrackedMethodRefs>
                    <TrackedMethodRef uid="9" vc="1" />
                  </TrackedMethodRefs>
                </SequencePoint>
                <SequencePoint vc="1" uspid="84" ordinal="6" offset="111" sl="128" sc="13" el="128" ec="30" bec="0" bev="0" fileid="1">
                  <TrackedMethodRefs>
                    <TrackedMethodRef uid="9" vc="1" />
                  </TrackedMethodRefs>
                </SequencePoint>
                <SequencePoint vc="1" uspid="85" ordinal="7" offset="137" sl="129" sc="13" el="129" ec="36" bec="0" bev="0" fileid="1">
                  <TrackedMethodRefs>
                    <TrackedMethodRef uid="9" vc="1" />
                  </TrackedMethodRefs>
                </SequencePoint>
                <SequencePoint vc="1" uspid="86" ordinal="8" offset="147" sl="130" sc="13" el="130" ec="64" bec="0" bev="0" fileid="1">
                  <TrackedMethodRefs>
                    <TrackedMethodRef uid="9" vc="1" />
                  </TrackedMethodRefs>
                </SequencePoint>
                <SequencePoint vc="1" uspid="87" ordinal="9" offset="166" sl="131" sc="13" el="131" ec="47" bec="0" bev="0" fileid="1">
                  <TrackedMethodRefs>
                    <TrackedMethodRef uid="9" vc="1" />
                  </TrackedMethodRefs>
                </SequencePoint>
                <SequencePoint vc="1" uspid="88" ordinal="10" offset="184" sl="132" sc="9" el="132" ec="10" bec="0" bev="0" fileid="1">
                  <TrackedMethodRefs>
                    <TrackedMethodRef uid="9" vc="1" />
                  </TrackedMethodRefs>
                </SequencePoint>
              </SequencePoints>
              <BranchPoints />
              <MethodPoint xsi:type="SequencePoint" vc="1" uspid="78" ordinal="0" offset="0" sl="122" sc="9" el="122" ec="10" bec="0" bev="0" fileid="1">
                <TrackedMethodRefs>
                  <TrackedMethodRef uid="9" vc="1" />
                </TrackedMethodRefs>
              </MethodPoint>
            </Method>
            <Method visited="false" cyclomaticComplexity="1" nPathComplexity="0" sequenceCoverage="0" branchCoverage="0" crapScore="2" isConstructor="true" isStatic="false" isGetter="false" isSetter="false">
              <Summary numSequencePoints="0" visitedSequencePoints="0" numBranchPoints="0" visitedBranchPoints="0" sequenceCoverage="0" branchCoverage="0" maxCyclomaticComplexity="1" minCyclomaticComplexity="1" maxCrapScore="2" minCrapScore="2" visitedClasses="0" numClasses="0" visitedMethods="0" numMethods="0" />
              <MetadataToken>100663307</MetadataToken>
              <Name>System.Void Tests.ParseTests::.ctor()</Name>
              <SequencePoints />
              <BranchPoints />
              <MethodPoint vc="0" uspid="89" ordinal="0" offset="0" />
            </Method>
          </Methods>
        </Class>
      </Classes>
      <TrackedMethods>
        <TrackedMethod uid="1" token="100663298" name="System.Void Tests.ParseTests::SimpleSum()" strategy="NUnitTest" />
        <TrackedMethod uid="2" token="100663299" name="System.Void Tests.ParseTests::SimpleMul()" strategy="NUnitTest" />
        <TrackedMethod uid="3" token="100663300" name="System.Void Tests.ParseTests::SimplePow()" strategy="NUnitTest" />
        <TrackedMethod uid="4" token="100663301" name="System.Void Tests.ParseTests::SimpleDiv()" strategy="NUnitTest" />
        <TrackedMethod uid="5" token="100663302" name="System.Void Tests.ParseTests::SimpleSub()" strategy="NUnitTest" />
        <TrackedMethod uid="6" token="100663303" name="System.Void Tests.ParseTests::MixedPriority()" strategy="NUnitTest" />
        <TrackedMethod uid="7" token="100663304" name="System.Void Tests.ParseTests::IWantBrackets()" strategy="NUnitTest" />
        <TrackedMethod uid="8" token="100663305" name="System.Void Tests.ParseTests::IHaveBrackets()" strategy="NUnitTest" />
        <TrackedMethod uid="9" token="100663306" name="System.Void Tests.ParseTests::DeepBrackets()" strategy="NUnitTest" />
      </TrackedMethods>
    </Module>
    <Module hash="88-DA-8D-95-C3-AF-36-5C-F0-62-B9-4D-34-18-A0-A4-4C-64-12-77">
      <Summary numSequencePoints="266" visitedSequencePoints="169" numBranchPoints="90" visitedBranchPoints="62" sequenceCoverage="63.53" branchCoverage="68.89" maxCyclomaticComplexity="14" minCyclomaticComplexity="1" maxCrapScore="90" minCrapScore="1" visitedClasses="2" numClasses="3" visitedMethods="8" numMethods="12" />
      <ModulePath>C:\Users\ilyac\source\repos\FuntionParser\Tests\bin\Debug\FuntionParser.exe</ModulePath>
      <ModuleTime>2019-05-11T07:27:29.3219318Z</ModuleTime>
      <ModuleName>FuntionParser</ModuleName>
      <Files>
        <File uid="3" fullPath="C:\Users\ilyac\source\repos\FuntionParser\FuntionParser\Parser.cs" />
        <File uid="4" fullPath="C:\Users\ilyac\source\repos\FuntionParser\FuntionParser\Program.cs" />
        <File uid="5" fullPath="C:\Users\ilyac\source\repos\FuntionParser\FuntionParser\TreeForParser.cs" />
      </Files>
      <Classes>
        <Class>
          <Summary numSequencePoints="231" visitedSequencePoints="163" numBranchPoints="84" visitedBranchPoints="61" sequenceCoverage="70.56" branchCoverage="72.62" maxCyclomaticComplexity="14" minCyclomaticComplexity="1" maxCrapScore="90" minCrapScore="1" visitedClasses="1" numClasses="1" visitedMethods="7" numMethods="10" />
          <FullName>FuntionParser.Parser</FullName>
          <Methods>
            <Method visited="true" cyclomaticComplexity="10" nPathComplexity="256" sequenceCoverage="75" branchCoverage="82.35" crapScore="11.56" isConstructor="false" isStatic="false" isGetter="false" isSetter="false">
              <Summary numSequencePoints="20" visitedSequencePoints="15" numBranchPoints="17" visitedBranchPoints="14" sequenceCoverage="75" branchCoverage="82.35" maxCyclomaticComplexity="10" minCyclomaticComplexity="10" maxCrapScore="11.56" minCrapScore="11.56" visitedClasses="0" numClasses="0" visitedMethods="1" numMethods="1" />
              <MetadataToken>100663297</MetadataToken>
              <Name>System.Double FuntionParser.Parser::MakeOperation(FuntionParser.Tree,System.Collections.Generic.Dictionary`2&lt;System.String,System.Double&gt;,FuntionParser.Tree[])</Name>
              <FileRef uid="3" />
              <SequencePoints>
                <SequencePoint vc="46" uspid="90" ordinal="0" offset="0" sl="12" sc="9" el="12" ec="10" bec="0" bev="0" fileid="3">
                  <TrackedMethodRefs>
                    <TrackedMethodRef uid="9" vc="11" />
                    <TrackedMethodRef uid="8" vc="7" />
                    <TrackedMethodRef uid="6" vc="13" />
                    <TrackedMethodRef uid="4" vc="3" />
                    <TrackedMethodRef uid="2" vc="3" />
                    <TrackedMethodRef uid="3" vc="3" />
                    <TrackedMethodRef uid="5" vc="3" />
                    <TrackedMethodRef uid="1" vc="3" />
                  </TrackedMethodRefs>
                </SequencePoint>
                <SequencePoint vc="46" uspid="91" ordinal="1" offset="1" sl="13" sc="13" el="13" ec="45" bec="2" bev="2" fileid="3">
                  <TrackedMethodRefs>
                    <TrackedMethodRef uid="9" vc="11" />
                    <TrackedMethodRef uid="8" vc="7" />
                    <TrackedMethodRef uid="6" vc="13" />
                    <TrackedMethodRef uid="4" vc="3" />
                    <TrackedMethodRef uid="2" vc="3" />
                    <TrackedMethodRef uid="3" vc="3" />
                    <TrackedMethodRef uid="5" vc="3" />
                    <TrackedMethodRef uid="1" vc="3" />
                  </TrackedMethodRefs>
                </SequencePoint>
                <SequencePoint vc="19" uspid="92" ordinal="2" offset="25" sl="14" sc="13" el="14" ec="14" bec="0" bev="0" fileid="3">
                  <TrackedMethodRefs>
                    <TrackedMethodRef uid="9" vc="5" />
                    <TrackedMethodRef uid="8" vc="3" />
                    <TrackedMethodRef uid="6" vc="6" />
                    <TrackedMethodRef uid="4" vc="1" />
                    <TrackedMethodRef uid="2" vc="1" />
                    <TrackedMethodRef uid="3" vc="1" />
                    <TrackedMethodRef uid="5" vc="1" />
                    <TrackedMethodRef uid="1" vc="1" />
                  </TrackedMethodRefs>
                </SequencePoint>
                <SequencePoint vc="19" uspid="93" ordinal="3" offset="26" sl="15" sc="17" el="15" ec="67" bec="2" bev="1" fileid="3">
                  <TrackedMethodRefs>
                    <TrackedMethodRef uid="9" vc="5" />
                    <TrackedMethodRef uid="8" vc="3" />
                    <TrackedMethodRef uid="6" vc="6" />
                    <TrackedMethodRef uid="4" vc="1" />
                    <TrackedMethodRef uid="2" vc="1" />
                    <TrackedMethodRef uid="3" vc="1" />
                    <TrackedMethodRef uid="5" vc="1" />
                    <TrackedMethodRef uid="1" vc="1" />
                  </TrackedMethodRefs>
                </SequencePoint>
                <SequencePoint vc="19" uspid="94" ordinal="4" offset="54" sl="16" sc="17" el="16" ec="18" bec="0" bev="0" fileid="3">
                  <TrackedMethodRefs>
                    <TrackedMethodRef uid="9" vc="5" />
                    <TrackedMethodRef uid="8" vc="3" />
                    <TrackedMethodRef uid="6" vc="6" />
                    <TrackedMethodRef uid="4" vc="1" />
                    <TrackedMethodRef uid="2" vc="1" />
                    <TrackedMethodRef uid="3" vc="1" />
                    <TrackedMethodRef uid="5" vc="1" />
                    <TrackedMethodRef uid="1" vc="1" />
                  </TrackedMethodRefs>
                </SequencePoint>
                <SequencePoint vc="19" uspid="95" ordinal="5" offset="55" sl="17" sc="21" el="17" ec="41" bec="10" bev="9" fileid="3">
                  <TrackedMethodRefs>
                    <TrackedMethodRef uid="9" vc="5" />
                    <TrackedMethodRef uid="8" vc="3" />
                    <TrackedMethodRef uid="6" vc="6" />
                    <TrackedMethodRef uid="4" vc="1" />
                    <TrackedMethodRef uid="2" vc="1" />
                    <TrackedMethodRef uid="3" vc="1" />
                    <TrackedMethodRef uid="5" vc="1" />
                    <TrackedMethodRef uid="1" vc="1" />
                  </TrackedMethodRefs>
                </SequencePoint>
                <SequencePoint vc="4" uspid="96" ordinal="6" offset="141" sl="20" sc="29" el="20" ec="139" bec="0" bev="0" fileid="3">
                  <TrackedMethodRefs>
                    <TrackedMethodRef uid="9" vc="1" />
                    <TrackedMethodRef uid="8" vc="1" />
                    <TrackedMethodRef uid="6" vc="1" />
                    <TrackedMethodRef uid="1" vc="1" />
                  </TrackedMethodRefs>
                </SequencePoint>
                <SequencePoint vc="4" uspid="97" ordinal="7" offset="188" sl="22" sc="29" el="22" ec="139" bec="0" bev="0" fileid="3">
                  <TrackedMethodRefs>
                    <TrackedMethodRef uid="9" vc="1" />
                    <TrackedMethodRef uid="8" vc="1" />
                    <TrackedMethodRef uid="6" vc="1" />
                    <TrackedMethodRef uid="5" vc="1" />
                  </TrackedMethodRefs>
                </SequencePoint>
                <SequencePoint vc="8" uspid="98" ordinal="8" offset="235" sl="24" sc="29" el="24" ec="139" bec="0" bev="0" fileid="3">
                  <TrackedMethodRefs>
                    <TrackedMethodRef uid="9" vc="3" />
                    <TrackedMethodRef uid="8" vc="1" />
                    <TrackedMethodRef uid="6" vc="3" />
                    <TrackedMethodRef uid="2" vc="1" />
                  </TrackedMethodRefs>
                </SequencePoint>
                <SequencePoint vc="2" uspid="99" ordinal="9" offset="282" sl="26" sc="29" el="26" ec="139" bec="0" bev="0" fileid="3">
                  <TrackedMethodRefs>
                    <TrackedMethodRef uid="6" vc="1" />
                    <TrackedMethodRef uid="4" vc="1" />
                  </TrackedMethodRefs>
                </SequencePoint>
                <SequencePoint vc="1" uspid="100" ordinal="10" offset="326" sl="28" sc="29" el="28" ec="148" bec="0" bev="0" fileid="3">
                  <TrackedMethodRefs>
                    <TrackedMethodRef uid="3" vc="1" />
                  </TrackedMethodRefs>
                </SequencePoint>
                <SequencePoint vc="0" uspid="101" ordinal="11" offset="374" sl="30" sc="29" el="30" ec="79" bec="0" bev="0" fileid="3" />
                <SequencePoint vc="0" uspid="102" ordinal="12" offset="385" sl="34" sc="17" el="34" ec="18" bec="0" bev="0" fileid="3" />
                <SequencePoint vc="0" uspid="103" ordinal="13" offset="386" sl="35" sc="21" el="35" ec="89" bec="0" bev="0" fileid="3" />
                <SequencePoint vc="27" uspid="104" ordinal="14" offset="397" sl="38" sc="18" el="38" ec="40" bec="2" bev="1" fileid="3">
                  <TrackedMethodRefs>
                    <TrackedMethodRef uid="9" vc="6" />
                    <TrackedMethodRef uid="8" vc="4" />
                    <TrackedMethodRef uid="6" vc="7" />
                    <TrackedMethodRef uid="4" vc="2" />
                    <TrackedMethodRef uid="2" vc="2" />
                    <TrackedMethodRef uid="3" vc="2" />
                    <TrackedMethodRef uid="5" vc="2" />
                    <TrackedMethodRef uid="1" vc="2" />
                  </TrackedMethodRefs>
                </SequencePoint>
                <SequencePoint vc="27" uspid="105" ordinal="15" offset="419" sl="39" sc="13" el="39" ec="14" bec="0" bev="0" fileid="3">
                  <TrackedMethodRefs>
                    <TrackedMethodRef uid="9" vc="6" />
                    <TrackedMethodRef uid="8" vc="4" />
                    <TrackedMethodRef uid="6" vc="7" />
                    <TrackedMethodRef uid="4" vc="2" />
                    <TrackedMethodRef uid="2" vc="2" />
                    <TrackedMethodRef uid="3" vc="2" />
                    <TrackedMethodRef uid="5" vc="2" />
                    <TrackedMethodRef uid="1" vc="2" />
                  </TrackedMethodRefs>
                </SequencePoint>
                <SequencePoint vc="27" uspid="106" ordinal="16" offset="420" sl="40" sc="17" el="40" ec="42" bec="0" bev="0" fileid="3">
                  <TrackedMethodRefs>
                    <TrackedMethodRef uid="9" vc="6" />
                    <TrackedMethodRef uid="8" vc="4" />
                    <TrackedMethodRef uid="6" vc="7" />
                    <TrackedMethodRef uid="4" vc="2" />
                    <TrackedMethodRef uid="2" vc="2" />
                    <TrackedMethodRef uid="3" vc="2" />
                    <TrackedMethodRef uid="5" vc="2" />
                    <TrackedMethodRef uid="1" vc="2" />
                  </TrackedMethodRefs>
                </SequencePoint>
                <SequencePoint vc="0" uspid="107" ordinal="17" offset="435" sl="43" sc="13" el="43" ec="14" bec="0" bev="0" fileid="3" />
                <SequencePoint vc="0" uspid="108" ordinal="18" offset="436" sl="44" sc="17" el="44" ec="64" bec="0" bev="0" fileid="3" />
                <SequencePoint vc="46" uspid="109" ordinal="19" offset="447" sl="46" sc="9" el="46" ec="10" bec="0" bev="0" fileid="3">
                  <TrackedMethodRefs>
                    <TrackedMethodRef uid="9" vc="11" />
                    <TrackedMethodRef uid="8" vc="7" />
                    <TrackedMethodRef uid="6" vc="13" />
                    <TrackedMethodRef uid="4" vc="3" />
                    <TrackedMethodRef uid="2" vc="3" />
                    <TrackedMethodRef uid="3" vc="3" />
                    <TrackedMethodRef uid="5" vc="3" />
                    <TrackedMethodRef uid="1" vc="3" />
                  </TrackedMethodRefs>
                </SequencePoint>
              </SequencePoints>
              <BranchPoints>
                <BranchPoint vc="19" uspid="110" ordinal="0" offset="20" sl="13" path="0" offsetend="25" fileid="3">
                  <TrackedMethodRefs>
                    <TrackedMethodRef uid="9" vc="5" />
                    <TrackedMethodRef uid="8" vc="3" />
                    <TrackedMethodRef uid="6" vc="6" />
                    <TrackedMethodRef uid="4" vc="1" />
                    <TrackedMethodRef uid="2" vc="1" />
                    <TrackedMethodRef uid="3" vc="1" />
                    <TrackedMethodRef uid="5" vc="1" />
                    <TrackedMethodRef uid="1" vc="1" />
                  </TrackedMethodRefs>
                </BranchPoint>
                <BranchPoint vc="27" uspid="111" ordinal="1" offset="20" sl="13" path="1" offsetend="397" fileid="3">
                  <TrackedMethodRefs>
                    <TrackedMethodRef uid="9" vc="6" />
                    <TrackedMethodRef uid="8" vc="4" />
                    <TrackedMethodRef uid="6" vc="7" />
                    <TrackedMethodRef uid="4" vc="2" />
                    <TrackedMethodRef uid="2" vc="2" />
                    <TrackedMethodRef uid="3" vc="2" />
                    <TrackedMethodRef uid="5" vc="2" />
                    <TrackedMethodRef uid="1" vc="2" />
                  </TrackedMethodRefs>
                </BranchPoint>
                <BranchPoint vc="19" uspid="114" ordinal="4" offset="49" sl="15" path="0" offsetend="54" fileid="3">
                  <TrackedMethodRefs>
                    <TrackedMethodRef uid="9" vc="5" />
                    <TrackedMethodRef uid="8" vc="3" />
                    <TrackedMethodRef uid="6" vc="6" />
                    <TrackedMethodRef uid="4" vc="1" />
                    <TrackedMethodRef uid="2" vc="1" />
                    <TrackedMethodRef uid="3" vc="1" />
                    <TrackedMethodRef uid="5" vc="1" />
                    <TrackedMethodRef uid="1" vc="1" />
                  </TrackedMethodRefs>
                </BranchPoint>
                <BranchPoint vc="0" uspid="115" ordinal="5" offset="49" sl="15" path="1" offsetend="385" fileid="3" />
                <BranchPoint vc="15" uspid="116" ordinal="6" offset="73" sl="17" path="0" offsetend="75" fileid="3">
                  <TrackedMethodRefs>
                    <TrackedMethodRef uid="9" vc="4" />
                    <TrackedMethodRef uid="8" vc="2" />
                    <TrackedMethodRef uid="6" vc="5" />
                    <TrackedMethodRef uid="4" vc="1" />
                    <TrackedMethodRef uid="2" vc="1" />
                    <TrackedMethodRef uid="3" vc="1" />
                    <TrackedMethodRef uid="5" vc="1" />
                  </TrackedMethodRefs>
                </BranchPoint>
                <BranchPoint vc="4" uspid="117" ordinal="7" offset="73" sl="17" path="1" offsetend="141" fileid="3">
                  <TrackedMethodRefs>
                    <TrackedMethodRef uid="9" vc="1" />
                    <TrackedMethodRef uid="8" vc="1" />
                    <TrackedMethodRef uid="6" vc="1" />
                    <TrackedMethodRef uid="1" vc="1" />
                  </TrackedMethodRefs>
                </BranchPoint>
                <BranchPoint vc="11" uspid="118" ordinal="8" offset="86" sl="17" path="0" offsetend="88" fileid="3">
                  <TrackedMethodRefs>
                    <TrackedMethodRef uid="9" vc="3" />
                    <TrackedMethodRef uid="8" vc="1" />
                    <TrackedMethodRef uid="6" vc="4" />
                    <TrackedMethodRef uid="4" vc="1" />
                    <TrackedMethodRef uid="2" vc="1" />
                    <TrackedMethodRef uid="3" vc="1" />
                  </TrackedMethodRefs>
                </BranchPoint>
                <BranchPoint vc="4" uspid="119" ordinal="9" offset="86" sl="17" path="1" offsetend="188" fileid="3">
                  <TrackedMethodRefs>
                    <TrackedMethodRef uid="9" vc="1" />
                    <TrackedMethodRef uid="8" vc="1" />
                    <TrackedMethodRef uid="6" vc="1" />
                    <TrackedMethodRef uid="5" vc="1" />
                  </TrackedMethodRefs>
                </BranchPoint>
                <BranchPoint vc="3" uspid="120" ordinal="10" offset="99" sl="17" path="0" offsetend="104" fileid="3">
                  <TrackedMethodRefs>
                    <TrackedMethodRef uid="6" vc="1" />
                    <TrackedMethodRef uid="4" vc="1" />
                    <TrackedMethodRef uid="3" vc="1" />
                  </TrackedMethodRefs>
                </BranchPoint>
                <BranchPoint vc="8" uspid="121" ordinal="11" offset="99" sl="17" path="1" offsetend="235" fileid="3">
                  <TrackedMethodRefs>
                    <TrackedMethodRef uid="9" vc="3" />
                    <TrackedMethodRef uid="8" vc="1" />
                    <TrackedMethodRef uid="6" vc="3" />
                    <TrackedMethodRef uid="2" vc="1" />
                  </TrackedMethodRefs>
                </BranchPoint>
                <BranchPoint vc="1" uspid="122" ordinal="12" offset="115" sl="17" path="0" offsetend="120" fileid="3">
                  <TrackedMethodRefs>
                    <TrackedMethodRef uid="3" vc="1" />
                  </TrackedMethodRefs>
                </BranchPoint>
                <BranchPoint vc="2" uspid="123" ordinal="13" offset="115" sl="17" path="1" offsetend="282" fileid="3">
                  <TrackedMethodRefs>
                    <TrackedMethodRef uid="6" vc="1" />
                    <TrackedMethodRef uid="4" vc="1" />
                  </TrackedMethodRefs>
                </BranchPoint>
                <BranchPoint vc="0" uspid="124" ordinal="14" offset="131" sl="17" path="0" offsetchain="136" offsetend="374" fileid="3" />
                <BranchPoint vc="1" uspid="125" ordinal="15" offset="131" sl="17" path="1" offsetend="326" fileid="3">
                  <TrackedMethodRefs>
                    <TrackedMethodRef uid="3" vc="1" />
                  </TrackedMethodRefs>
                </BranchPoint>
                <BranchPoint vc="27" uspid="126" ordinal="16" offset="417" sl="38" path="0" offsetend="419" fileid="3">
                  <TrackedMethodRefs>
                    <TrackedMethodRef uid="9" vc="6" />
                    <TrackedMethodRef uid="8" vc="4" />
                    <TrackedMethodRef uid="6" vc="7" />
                    <TrackedMethodRef uid="4" vc="2" />
                    <TrackedMethodRef uid="2" vc="2" />
                    <TrackedMethodRef uid="3" vc="2" />
                    <TrackedMethodRef uid="5" vc="2" />
                    <TrackedMethodRef uid="1" vc="2" />
                  </TrackedMethodRefs>
                </BranchPoint>
                <BranchPoint vc="0" uspid="127" ordinal="17" offset="417" sl="38" path="1" offsetend="435" fileid="3" />
              </BranchPoints>
              <MethodPoint xsi:type="SequencePoint" vc="46" uspid="90" ordinal="0" offset="0" sl="12" sc="9" el="12" ec="10" bec="0" bev="0" fileid="3">
                <TrackedMethodRefs>
                  <TrackedMethodRef uid="9" vc="11" />
                  <TrackedMethodRef uid="8" vc="7" />
                  <TrackedMethodRef uid="6" vc="13" />
                  <TrackedMethodRef uid="4" vc="3" />
                  <TrackedMethodRef uid="2" vc="3" />
                  <TrackedMethodRef uid="3" vc="3" />
                  <TrackedMethodRef uid="5" vc="3" />
                  <TrackedMethodRef uid="1" vc="3" />
                </TrackedMethodRefs>
              </MethodPoint>
            </Method>
            <Method visited="false" cyclomaticComplexity="1" nPathComplexity="0" sequenceCoverage="0" branchCoverage="0" crapScore="2" isConstructor="false" isStatic="true" isGetter="false" isSetter="false">
              <Summary numSequencePoints="5" visitedSequencePoints="0" numBranchPoints="1" visitedBranchPoints="0" sequenceCoverage="0" branchCoverage="0" maxCyclomaticComplexity="1" minCyclomaticComplexity="1" maxCrapScore="2" minCrapScore="2" visitedClasses="0" numClasses="0" visitedMethods="0" numMethods="1" />
              <MetadataToken>100663298</MetadataToken>
              <Name>System.String FuntionParser.Parser::ReadExpression()</Name>
              <FileRef uid="3" />
              <SequencePoints>
                <SequencePoint vc="0" uspid="128" ordinal="0" offset="0" sl="51" sc="9" el="51" ec="10" bec="0" bev="0" fileid="3" />
                <SequencePoint vc="0" uspid="129" ordinal="1" offset="1" sl="52" sc="13" el="52" ec="89" bec="0" bev="0" fileid="3" />
                <SequencePoint vc="0" uspid="130" ordinal="2" offset="12" sl="53" sc="13" el="53" ec="47" bec="0" bev="0" fileid="3" />
                <SequencePoint vc="0" uspid="131" ordinal="3" offset="18" sl="54" sc="13" el="54" ec="26" bec="0" bev="0" fileid="3" />
                <SequencePoint vc="0" uspid="132" ordinal="4" offset="22" sl="55" sc="9" el="55" ec="10" bec="0" bev="0" fileid="3" />
              </SequencePoints>
              <BranchPoints />
              <MethodPoint xsi:type="SequencePoint" vc="0" uspid="128" ordinal="0" offset="0" sl="51" sc="9" el="51" ec="10" bec="0" bev="0" fileid="3" />
            </Method>
            <Method visited="false" cyclomaticComplexity="9" nPathComplexity="32" sequenceCoverage="0" branchCoverage="0" crapScore="90" isConstructor="false" isStatic="false" isGetter="false" isSetter="false">
              <Summary numSequencePoints="40" visitedSequencePoints="0" numBranchPoints="11" visitedBranchPoints="0" sequenceCoverage="0" branchCoverage="0" maxCyclomaticComplexity="9" minCyclomaticComplexity="9" maxCrapScore="90" minCrapScore="90" visitedClasses="0" numClasses="0" visitedMethods="0" numMethods="1" />
              <MetadataToken>100663299</MetadataToken>
              <Name>System.Collections.Generic.Dictionary`2&lt;System.String,System.Double&gt; FuntionParser.Parser::ReadVals(System.Collections.Generic.List`1&lt;System.String&gt;)</Name>
              <FileRef uid="3" />
              <SequencePoints>
                <SequencePoint vc="0" uspid="133" ordinal="0" offset="0" sl="58" sc="9" el="58" ec="10" bec="0" bev="0" fileid="3" />
                <SequencePoint vc="0" uspid="134" ordinal="1" offset="1" sl="59" sc="13" el="59" ec="82" bec="0" bev="0" fileid="3" />
                <SequencePoint vc="0" uspid="135" ordinal="2" offset="12" sl="62" sc="13" el="62" ec="14" bec="0" bev="0" fileid="3" />
                <SequencePoint vc="0" uspid="136" ordinal="3" offset="13" sl="63" sc="17" el="63" ec="53" bec="0" bev="0" fileid="3" />
                <SequencePoint vc="0" uspid="137" ordinal="4" offset="20" sl="64" sc="17" el="64" ec="57" bec="0" bev="0" fileid="3" />
                <SequencePoint vc="0" uspid="138" ordinal="5" offset="26" sl="65" sc="17" el="65" ec="47" bec="2" bev="0" fileid="3" />
                <SequencePoint vc="0" uspid="139" ordinal="6" offset="45" sl="66" sc="17" el="66" ec="18" bec="0" bev="0" fileid="3" />
                <SequencePoint vc="0" uspid="140" ordinal="7" offset="46" sl="67" sc="21" el="67" ec="55" bec="0" bev="0" fileid="3" />
                <SequencePoint vc="0" uspid="141" ordinal="8" offset="54" sl="68" sc="17" el="68" ec="18" bec="0" bev="0" fileid="3" />
                <SequencePoint vc="0" uspid="142" ordinal="9" offset="57" sl="70" sc="17" el="70" ec="18" bec="0" bev="0" fileid="3" />
                <SequencePoint vc="0" uspid="143" ordinal="10" offset="58" sl="71" sc="21" el="71" ec="41" bec="0" bev="0" fileid="3" />
                <SequencePoint vc="0" uspid="144" ordinal="11" offset="66" sl="72" sc="17" el="72" ec="18" bec="0" bev="0" fileid="3" />
                <SequencePoint vc="0" uspid="145" ordinal="12" offset="67" sl="73" sc="17" el="73" ec="38" bec="2" bev="0" fileid="3" />
                <SequencePoint vc="0" uspid="146" ordinal="13" offset="82" sl="74" sc="17" el="74" ec="18" bec="0" bev="0" fileid="3" />
                <SequencePoint vc="0" uspid="147" ordinal="14" offset="83" sl="75" sc="21" el="75" ec="82" bec="0" bev="0" fileid="3" />
                <SequencePoint vc="0" uspid="148" ordinal="15" offset="93" sl="76" sc="21" el="76" ec="97" bec="2" bev="0" fileid="3" />
                <SequencePoint vc="0" uspid="149" ordinal="16" offset="130" sl="77" sc="21" el="77" ec="22" bec="0" bev="0" fileid="3" />
                <SequencePoint vc="0" uspid="150" ordinal="17" offset="131" sl="78" sc="25" el="78" ec="73" bec="0" bev="0" fileid="3" />
                <SequencePoint vc="0" uspid="151" ordinal="18" offset="149" sl="79" sc="25" el="79" ec="48" bec="0" bev="0" fileid="3" />
                <SequencePoint vc="0" uspid="152" ordinal="19" offset="157" sl="80" sc="25" el="80" ec="80" bec="0" bev="0" fileid="3" />
                <SequencePoint vc="0" uspid="153" ordinal="20" offset="175" sl="81" sc="21" el="81" ec="22" bec="0" bev="0" fileid="3" />
                <SequencePoint vc="0" uspid="154" ordinal="21" offset="178" sl="82" sc="26" el="82" ec="39" bec="2" bev="0" fileid="3" />
                <SequencePoint vc="0" uspid="155" ordinal="22" offset="186" sl="83" sc="21" el="83" ec="22" bec="0" bev="0" fileid="3" />
                <SequencePoint vc="0" uspid="156" ordinal="23" offset="187" sl="84" sc="25" el="84" ec="54" bec="0" bev="0" fileid="3" />
                <SequencePoint vc="0" uspid="157" ordinal="24" offset="197" sl="85" sc="21" el="85" ec="22" bec="0" bev="0" fileid="3" />
                <SequencePoint vc="0" uspid="158" ordinal="25" offset="198" sl="86" sc="17" el="86" ec="18" bec="0" bev="0" fileid="3" />
                <SequencePoint vc="0" uspid="159" ordinal="26" offset="201" sl="88" sc="17" el="88" ec="18" bec="0" bev="0" fileid="3" />
                <SequencePoint vc="0" uspid="160" ordinal="27" offset="202" sl="91" sc="21" el="91" ec="28" bec="0" bev="0" fileid="3" />
                <SequencePoint vc="0" uspid="161" ordinal="28" offset="203" sl="91" sc="44" el="91" ec="49" bec="0" bev="0" fileid="3" />
                <SequencePoint vc="0" uspid="162" ordinal="29" offset="213" sl="91" sc="29" el="91" ec="40" bec="0" bev="0" fileid="3" />
                <SequencePoint vc="0" uspid="163" ordinal="30" offset="222" sl="92" sc="21" el="92" ec="22" bec="0" bev="0" fileid="3" />
                <SequencePoint vc="0" uspid="164" ordinal="31" offset="223" sl="93" sc="25" el="93" ec="45" bec="0" bev="0" fileid="3" />
                <SequencePoint vc="0" uspid="165" ordinal="32" offset="232" sl="94" sc="21" el="94" ec="22" bec="0" bev="0" fileid="3" />
                <SequencePoint vc="0" uspid="166" ordinal="33" offset="233" sl="91" sc="41" el="91" ec="43" bec="0" bev="0" fileid="3" />
                <SequencePoint vc="0" uspid="167" ordinal="34" offset="259" sl="95" sc="17" el="95" ec="18" bec="0" bev="0" fileid="3" />
                <SequencePoint vc="0" uspid="168" ordinal="35" offset="260" sl="96" sc="17" el="96" ec="39" bec="0" bev="0" fileid="3" />
                <SequencePoint vc="0" uspid="169" ordinal="36" offset="268" sl="97" sc="13" el="97" ec="14" bec="0" bev="0" fileid="3" />
                <SequencePoint vc="0" uspid="170" ordinal="37" offset="269" sl="61" sc="13" el="61" ec="37" bec="2" bev="0" fileid="3" />
                <SequencePoint vc="0" uspid="171" ordinal="38" offset="287" sl="98" sc="13" el="98" ec="27" bec="0" bev="0" fileid="3" />
                <SequencePoint vc="0" uspid="172" ordinal="39" offset="292" sl="99" sc="9" el="99" ec="10" bec="0" bev="0" fileid="3" />
              </SequencePoints>
              <BranchPoints>
                <BranchPoint vc="0" uspid="173" ordinal="0" offset="43" sl="65" path="0" offsetend="45" fileid="3" />
                <BranchPoint vc="0" uspid="174" ordinal="1" offset="43" sl="65" path="1" offsetend="57" fileid="3" />
                <BranchPoint vc="0" uspid="175" ordinal="2" offset="80" sl="73" path="0" offsetend="82" fileid="3" />
                <BranchPoint vc="0" uspid="176" ordinal="3" offset="80" sl="73" path="1" offsetend="201" fileid="3" />
                <BranchPoint vc="0" uspid="181" ordinal="8" offset="128" sl="76" path="0" offsetend="130" fileid="3" />
                <BranchPoint vc="0" uspid="182" ordinal="9" offset="128" sl="76" path="1" offsetend="178" fileid="3" />
                <BranchPoint vc="0" uspid="183" ordinal="10" offset="184" sl="82" path="0" offsetend="186" fileid="3" />
                <BranchPoint vc="0" uspid="184" ordinal="11" offset="184" sl="82" path="1" offsetend="198" fileid="3" />
                <BranchPoint vc="0" uspid="187" ordinal="14" offset="282" sl="61" path="0" offsetend="287" fileid="3" />
                <BranchPoint vc="0" uspid="188" ordinal="15" offset="282" sl="61" path="1" offsetend="12" fileid="3" />
              </BranchPoints>
              <MethodPoint xsi:type="SequencePoint" vc="0" uspid="133" ordinal="0" offset="0" sl="58" sc="9" el="58" ec="10" bec="0" bev="0" fileid="3" />
            </Method>
            <Method visited="true" cyclomaticComplexity="14" nPathComplexity="512" sequenceCoverage="88.46" branchCoverage="73.68" crapScore="14.30" isConstructor="false" isStatic="false" isGetter="false" isSetter="false">
              <Summary numSequencePoints="52" visitedSequencePoints="46" numBranchPoints="19" visitedBranchPoints="14" sequenceCoverage="88.46" branchCoverage="73.68" maxCyclomaticComplexity="14" minCyclomaticComplexity="14" maxCrapScore="14.30" minCrapScore="14.30" visitedClasses="0" numClasses="0" visitedMethods="1" numMethods="1" />
              <MetadataToken>100663300</MetadataToken>
              <Name>System.Collections.Generic.List`1&lt;System.String&gt; FuntionParser.Parser::ParseExpression(System.String)</Name>
              <FileRef uid="3" />
              <SequencePoints>
                <SequencePoint vc="59" uspid="189" ordinal="0" offset="0" sl="104" sc="9" el="104" ec="10" bec="0" bev="0" fileid="3">
                  <TrackedMethodRefs>
                    <TrackedMethodRef uid="9" vc="14" />
                    <TrackedMethodRef uid="8" vc="9" />
                    <TrackedMethodRef uid="7" vc="2" />
                    <TrackedMethodRef uid="6" vc="14" />
                    <TrackedMethodRef uid="4" vc="4" />
                    <TrackedMethodRef uid="2" vc="4" />
                    <TrackedMethodRef uid="3" vc="4" />
                    <TrackedMethodRef uid="5" vc="4" />
                    <TrackedMethodRef uid="1" vc="4" />
                  </TrackedMethodRefs>
                </SequencePoint>
                <SequencePoint vc="59" uspid="190" ordinal="1" offset="1" sl="105" sc="13" el="105" ec="32" bec="0" bev="0" fileid="3">
                  <TrackedMethodRefs>
                    <TrackedMethodRef uid="9" vc="14" />
                    <TrackedMethodRef uid="8" vc="9" />
                    <TrackedMethodRef uid="7" vc="2" />
                    <TrackedMethodRef uid="6" vc="14" />
                    <TrackedMethodRef uid="4" vc="4" />
                    <TrackedMethodRef uid="2" vc="4" />
                    <TrackedMethodRef uid="3" vc="4" />
                    <TrackedMethodRef uid="5" vc="4" />
                    <TrackedMethodRef uid="1" vc="4" />
                  </TrackedMethodRefs>
                </SequencePoint>
                <SequencePoint vc="59" uspid="191" ordinal="2" offset="12" sl="106" sc="13" el="106" ec="35" bec="0" bev="0" fileid="3">
                  <TrackedMethodRefs>
                    <TrackedMethodRef uid="9" vc="14" />
                    <TrackedMethodRef uid="8" vc="9" />
                    <TrackedMethodRef uid="7" vc="2" />
                    <TrackedMethodRef uid="6" vc="14" />
                    <TrackedMethodRef uid="4" vc="4" />
                    <TrackedMethodRef uid="2" vc="4" />
                    <TrackedMethodRef uid="3" vc="4" />
                    <TrackedMethodRef uid="5" vc="4" />
                    <TrackedMethodRef uid="1" vc="4" />
                  </TrackedMethodRefs>
                </SequencePoint>
                <SequencePoint vc="59" uspid="192" ordinal="3" offset="18" sl="107" sc="13" el="107" ec="30" bec="0" bev="0" fileid="3">
                  <TrackedMethodRefs>
                    <TrackedMethodRef uid="9" vc="14" />
                    <TrackedMethodRef uid="8" vc="9" />
                    <TrackedMethodRef uid="7" vc="2" />
                    <TrackedMethodRef uid="6" vc="14" />
                    <TrackedMethodRef uid="4" vc="4" />
                    <TrackedMethodRef uid="2" vc="4" />
                    <TrackedMethodRef uid="3" vc="4" />
                    <TrackedMethodRef uid="5" vc="4" />
                    <TrackedMethodRef uid="1" vc="4" />
                  </TrackedMethodRefs>
                </SequencePoint>
                <SequencePoint vc="59" uspid="193" ordinal="4" offset="20" sl="108" sc="13" el="108" ec="54" bec="0" bev="0" fileid="3">
                  <TrackedMethodRefs>
                    <TrackedMethodRef uid="9" vc="14" />
                    <TrackedMethodRef uid="8" vc="9" />
                    <TrackedMethodRef uid="7" vc="2" />
                    <TrackedMethodRef uid="6" vc="14" />
                    <TrackedMethodRef uid="4" vc="4" />
                    <TrackedMethodRef uid="2" vc="4" />
                    <TrackedMethodRef uid="3" vc="4" />
                    <TrackedMethodRef uid="5" vc="4" />
                    <TrackedMethodRef uid="1" vc="4" />
                  </TrackedMethodRefs>
                </SequencePoint>
                <SequencePoint vc="59" uspid="194" ordinal="5" offset="26" sl="109" sc="13" el="109" ec="31" bec="0" bev="0" fileid="3">
                  <TrackedMethodRefs>
                    <TrackedMethodRef uid="9" vc="14" />
                    <TrackedMethodRef uid="8" vc="9" />
                    <TrackedMethodRef uid="7" vc="2" />
                    <TrackedMethodRef uid="6" vc="14" />
                    <TrackedMethodRef uid="4" vc="4" />
                    <TrackedMethodRef uid="2" vc="4" />
                    <TrackedMethodRef uid="3" vc="4" />
                    <TrackedMethodRef uid="5" vc="4" />
                    <TrackedMethodRef uid="1" vc="4" />
                  </TrackedMethodRefs>
                </SequencePoint>
                <SequencePoint vc="59" uspid="195" ordinal="6" offset="32" sl="110" sc="13" el="110" ec="20" bec="0" bev="0" fileid="3">
                  <TrackedMethodRefs>
                    <TrackedMethodRef uid="9" vc="14" />
                    <TrackedMethodRef uid="8" vc="9" />
                    <TrackedMethodRef uid="7" vc="2" />
                    <TrackedMethodRef uid="6" vc="14" />
                    <TrackedMethodRef uid="4" vc="4" />
                    <TrackedMethodRef uid="2" vc="4" />
                    <TrackedMethodRef uid="3" vc="4" />
                    <TrackedMethodRef uid="5" vc="4" />
                    <TrackedMethodRef uid="1" vc="4" />
                  </TrackedMethodRefs>
                </SequencePoint>
                <SequencePoint vc="59" uspid="196" ordinal="7" offset="33" sl="110" sc="32" el="110" ec="42" bec="0" bev="0" fileid="3">
                  <TrackedMethodRefs>
                    <TrackedMethodRef uid="9" vc="14" />
                    <TrackedMethodRef uid="8" vc="9" />
                    <TrackedMethodRef uid="7" vc="2" />
                    <TrackedMethodRef uid="6" vc="14" />
                    <TrackedMethodRef uid="4" vc="4" />
                    <TrackedMethodRef uid="2" vc="4" />
                    <TrackedMethodRef uid="3" vc="4" />
                    <TrackedMethodRef uid="5" vc="4" />
                    <TrackedMethodRef uid="1" vc="4" />
                  </TrackedMethodRefs>
                </SequencePoint>
                <SequencePoint vc="225" uspid="197" ordinal="8" offset="44" sl="110" sc="22" el="110" ec="28" bec="0" bev="0" fileid="3">
                  <TrackedMethodRefs>
                    <TrackedMethodRef uid="9" vc="84" />
                    <TrackedMethodRef uid="8" vc="37" />
                    <TrackedMethodRef uid="7" vc="8" />
                    <TrackedMethodRef uid="6" vc="56" />
                    <TrackedMethodRef uid="4" vc="8" />
                    <TrackedMethodRef uid="2" vc="8" />
                    <TrackedMethodRef uid="3" vc="8" />
                    <TrackedMethodRef uid="5" vc="8" />
                    <TrackedMethodRef uid="1" vc="8" />
                  </TrackedMethodRefs>
                </SequencePoint>
                <SequencePoint vc="225" uspid="198" ordinal="9" offset="55" sl="111" sc="13" el="111" ec="14" bec="0" bev="0" fileid="3">
                  <TrackedMethodRefs>
                    <TrackedMethodRef uid="9" vc="84" />
                    <TrackedMethodRef uid="8" vc="37" />
                    <TrackedMethodRef uid="7" vc="8" />
                    <TrackedMethodRef uid="6" vc="56" />
                    <TrackedMethodRef uid="4" vc="8" />
                    <TrackedMethodRef uid="2" vc="8" />
                    <TrackedMethodRef uid="3" vc="8" />
                    <TrackedMethodRef uid="5" vc="8" />
                    <TrackedMethodRef uid="1" vc="8" />
                  </TrackedMethodRefs>
                </SequencePoint>
                <SequencePoint vc="225" uspid="199" ordinal="10" offset="56" sl="112" sc="17" el="112" ec="30" bec="2" bev="2" fileid="3">
                  <TrackedMethodRefs>
                    <TrackedMethodRef uid="9" vc="84" />
                    <TrackedMethodRef uid="8" vc="37" />
                    <TrackedMethodRef uid="7" vc="8" />
                    <TrackedMethodRef uid="6" vc="56" />
                    <TrackedMethodRef uid="4" vc="8" />
                    <TrackedMethodRef uid="2" vc="8" />
                    <TrackedMethodRef uid="3" vc="8" />
                    <TrackedMethodRef uid="5" vc="8" />
                    <TrackedMethodRef uid="1" vc="8" />
                  </TrackedMethodRefs>
                </SequencePoint>
                <SequencePoint vc="14" uspid="200" ordinal="11" offset="68" sl="113" sc="17" el="113" ec="18" bec="0" bev="0" fileid="3">
                  <TrackedMethodRefs>
                    <TrackedMethodRef uid="9" vc="9" />
                    <TrackedMethodRef uid="8" vc="4" />
                    <TrackedMethodRef uid="7" vc="1" />
                  </TrackedMethodRefs>
                </SequencePoint>
                <SequencePoint vc="14" uspid="201" ordinal="12" offset="69" sl="114" sc="21" el="114" ec="32" bec="0" bev="0" fileid="3">
                  <TrackedMethodRefs>
                    <TrackedMethodRef uid="9" vc="9" />
                    <TrackedMethodRef uid="8" vc="4" />
                    <TrackedMethodRef uid="7" vc="1" />
                  </TrackedMethodRefs>
                </SequencePoint>
                <SequencePoint vc="14" uspid="202" ordinal="13" offset="73" sl="116" sc="17" el="116" ec="18" bec="0" bev="0" fileid="3">
                  <TrackedMethodRefs>
                    <TrackedMethodRef uid="9" vc="9" />
                    <TrackedMethodRef uid="8" vc="4" />
                    <TrackedMethodRef uid="7" vc="1" />
                  </TrackedMethodRefs>
                </SequencePoint>
                <SequencePoint vc="225" uspid="203" ordinal="14" offset="74" sl="117" sc="17" el="117" ec="30" bec="2" bev="2" fileid="3">
                  <TrackedMethodRefs>
                    <TrackedMethodRef uid="9" vc="84" />
                    <TrackedMethodRef uid="8" vc="37" />
                    <TrackedMethodRef uid="7" vc="8" />
                    <TrackedMethodRef uid="6" vc="56" />
                    <TrackedMethodRef uid="4" vc="8" />
                    <TrackedMethodRef uid="2" vc="8" />
                    <TrackedMethodRef uid="3" vc="8" />
                    <TrackedMethodRef uid="5" vc="8" />
                    <TrackedMethodRef uid="1" vc="8" />
                  </TrackedMethodRefs>
                </SequencePoint>
                <SequencePoint vc="14" uspid="204" ordinal="15" offset="86" sl="117" sc="31" el="117" ec="42" bec="0" bev="0" fileid="3">
                  <TrackedMethodRefs>
                    <TrackedMethodRef uid="9" vc="9" />
                    <TrackedMethodRef uid="8" vc="4" />
                    <TrackedMethodRef uid="7" vc="1" />
                  </TrackedMethodRefs>
                </SequencePoint>
                <SequencePoint vc="225" uspid="205" ordinal="16" offset="90" sl="118" sc="17" el="118" ec="34" bec="2" bev="1" fileid="3">
                  <TrackedMethodRefs>
                    <TrackedMethodRef uid="9" vc="84" />
                    <TrackedMethodRef uid="8" vc="37" />
[...]
                  <TrackedMethodRefs>
                    <TrackedMethodRef uid="9" vc="5" />
                    <TrackedMethodRef uid="8" vc="3" />
                    <TrackedMethodRef uid="6" vc="6" />
                    <TrackedMethodRef uid="4" vc="1" />
                    <TrackedMethodRef uid="2" vc="1" />
                    <TrackedMethodRef uid="3" vc="1" />
                    <TrackedMethodRef uid="5" vc="1" />
                    <TrackedMethodRef uid="1" vc="1" />
                  </TrackedMethodRefs>
                </BranchPoint>
                <BranchPoint vc="81" uspid="412" ordinal="13" offset="287" sl="230" path="1" offsetend="162" fileid="3">
                  <TrackedMethodRefs>
                    <TrackedMethodRef uid="9" vc="19" />
                    <TrackedMethodRef uid="8" vc="11" />
                    <TrackedMethodRef uid="6" vc="36" />
                    <TrackedMethodRef uid="4" vc="3" />
                    <TrackedMethodRef uid="2" vc="3" />
                    <TrackedMethodRef uid="3" vc="3" />
                    <TrackedMethodRef uid="5" vc="3" />
                    <TrackedMethodRef uid="1" vc="3" />
                  </TrackedMethodRefs>
                </BranchPoint>
                <BranchPoint vc="19" uspid="413" ordinal="14" offset="306" sl="245" path="0" offsetend="308" fileid="3">
                  <TrackedMethodRefs>
                    <TrackedMethodRef uid="9" vc="5" />
                    <TrackedMethodRef uid="8" vc="3" />
                    <TrackedMethodRef uid="6" vc="6" />
                    <TrackedMethodRef uid="4" vc="1" />
                    <TrackedMethodRef uid="2" vc="1" />
                    <TrackedMethodRef uid="3" vc="1" />
                    <TrackedMethodRef uid="5" vc="1" />
                    <TrackedMethodRef uid="1" vc="1" />
                  </TrackedMethodRefs>
                </BranchPoint>
                <BranchPoint vc="0" uspid="414" ordinal="15" offset="306" sl="245" path="1" offsetend="383" fileid="3" />
                <BranchPoint vc="8" uspid="415" ordinal="16" offset="399" sl="215" path="0" offsetend="404" fileid="3">
                  <TrackedMethodRefs>
                    <TrackedMethodRef uid="9" vc="1" />
                    <TrackedMethodRef uid="8" vc="1" />
                    <TrackedMethodRef uid="6" vc="1" />
                    <TrackedMethodRef uid="4" vc="1" />
                    <TrackedMethodRef uid="2" vc="1" />
                    <TrackedMethodRef uid="3" vc="1" />
                    <TrackedMethodRef uid="5" vc="1" />
                    <TrackedMethodRef uid="1" vc="1" />
                  </TrackedMethodRefs>
                </BranchPoint>
                <BranchPoint vc="54" uspid="416" ordinal="17" offset="399" sl="215" path="1" offsetend="51" fileid="3">
                  <TrackedMethodRefs>
                    <TrackedMethodRef uid="9" vc="12" />
                    <TrackedMethodRef uid="8" vc="8" />
                    <TrackedMethodRef uid="6" vc="14" />
                    <TrackedMethodRef uid="4" vc="4" />
                    <TrackedMethodRef uid="2" vc="4" />
                    <TrackedMethodRef uid="3" vc="4" />
                    <TrackedMethodRef uid="5" vc="4" />
                    <TrackedMethodRef uid="1" vc="4" />
                  </TrackedMethodRefs>
                </BranchPoint>
              </BranchPoints>
              <MethodPoint xsi:type="SequencePoint" vc="8" uspid="348" ordinal="0" offset="0" sl="208" sc="9" el="208" ec="10" bec="0" bev="0" fileid="3">
                <TrackedMethodRefs>
                  <TrackedMethodRef uid="9" vc="1" />
                  <TrackedMethodRef uid="8" vc="1" />
                  <TrackedMethodRef uid="6" vc="1" />
                  <TrackedMethodRef uid="4" vc="1" />
                  <TrackedMethodRef uid="2" vc="1" />
                  <TrackedMethodRef uid="3" vc="1" />
                  <TrackedMethodRef uid="5" vc="1" />
                  <TrackedMethodRef uid="1" vc="1" />
                </TrackedMethodRefs>
              </MethodPoint>
            </Method>
            <Method visited="true" cyclomaticComplexity="1" nPathComplexity="0" sequenceCoverage="100" branchCoverage="100" crapScore="1" isConstructor="true" isStatic="false" isGetter="false" isSetter="false">
              <Summary numSequencePoints="5" visitedSequencePoints="5" numBranchPoints="1" visitedBranchPoints="1" sequenceCoverage="100" branchCoverage="100" maxCyclomaticComplexity="1" minCyclomaticComplexity="1" maxCrapScore="1" minCrapScore="1" visitedClasses="0" numClasses="0" visitedMethods="1" numMethods="1" />
              <MetadataToken>100663305</MetadataToken>
              <Name>System.Void FuntionParser.Parser::.ctor(System.Collections.Generic.Dictionary`2&lt;System.String,System.Int32&gt;)</Name>
              <FileRef uid="3" />
              <SequencePoints>
                <SequencePoint vc="9" uspid="417" ordinal="0" offset="0" sl="48" sc="9" el="48" ec="76" bec="0" bev="0" fileid="3" />
                <SequencePoint vc="9" uspid="418" ordinal="1" offset="11" sl="259" sc="9" el="259" ec="53" bec="0" bev="0" fileid="3" />
                <SequencePoint vc="9" uspid="419" ordinal="2" offset="18" sl="260" sc="9" el="260" ec="10" bec="0" bev="0" fileid="3" />
                <SequencePoint vc="9" uspid="420" ordinal="3" offset="19" sl="261" sc="13" el="261" ec="24" bec="0" bev="0" fileid="3" />
                <SequencePoint vc="9" uspid="421" ordinal="4" offset="26" sl="262" sc="9" el="262" ec="10" bec="0" bev="0" fileid="3" />
              </SequencePoints>
              <BranchPoints />
              <MethodPoint xsi:type="SequencePoint" vc="9" uspid="417" ordinal="0" offset="0" sl="48" sc="9" el="48" ec="76" bec="0" bev="0" fileid="3" />
            </Method>
            <Method visited="true" cyclomaticComplexity="1" nPathComplexity="0" sequenceCoverage="100" branchCoverage="100" crapScore="1" isConstructor="true" isStatic="true" isGetter="false" isSetter="false">
              <Summary numSequencePoints="1" visitedSequencePoints="1" numBranchPoints="1" visitedBranchPoints="1" sequenceCoverage="100" branchCoverage="100" maxCyclomaticComplexity="1" minCyclomaticComplexity="1" maxCrapScore="1" minCrapScore="1" visitedClasses="0" numClasses="0" visitedMethods="1" numMethods="1" />
              <MetadataToken>100663306</MetadataToken>
              <Name>System.Void FuntionParser.Parser::.cctor()</Name>
              <FileRef uid="3" />
              <SequencePoints>
                <SequencePoint vc="1" uspid="422" ordinal="0" offset="0" sl="101" sc="9" el="101" ec="63" bec="0" bev="0" fileid="3" />
              </SequencePoints>
              <BranchPoints />
              <MethodPoint xsi:type="SequencePoint" vc="1" uspid="422" ordinal="0" offset="0" sl="101" sc="9" el="101" ec="63" bec="0" bev="0" fileid="3" />
            </Method>
          </Methods>
        </Class>
        <Class>
          <Summary numSequencePoints="29" visitedSequencePoints="0" numBranchPoints="5" visitedBranchPoints="0" sequenceCoverage="0" branchCoverage="0" maxCyclomaticComplexity="3" minCyclomaticComplexity="1" maxCrapScore="12" minCrapScore="2" visitedClasses="0" numClasses="1" visitedMethods="0" numMethods="1" />
          <FullName>FuntionParser.Program</FullName>
          <Methods>
            <Method visited="false" cyclomaticComplexity="3" nPathComplexity="4" sequenceCoverage="0" branchCoverage="0" crapScore="12" isConstructor="false" isStatic="true" isGetter="false" isSetter="false">
              <Summary numSequencePoints="29" visitedSequencePoints="0" numBranchPoints="5" visitedBranchPoints="0" sequenceCoverage="0" branchCoverage="0" maxCyclomaticComplexity="3" minCyclomaticComplexity="3" maxCrapScore="12" minCrapScore="12" visitedClasses="0" numClasses="0" visitedMethods="0" numMethods="1" />
              <MetadataToken>100663307</MetadataToken>
              <Name>System.Void FuntionParser.Program::Main(System.String[])</Name>
              <FileRef uid="4" />
              <SequencePoints>
                <SequencePoint vc="0" uspid="423" ordinal="0" offset="0" sl="12" sc="9" el="12" ec="10" bec="0" bev="0" fileid="4" />
                <SequencePoint vc="0" uspid="424" ordinal="1" offset="1" sl="13" sc="13" el="13" ec="30" bec="0" bev="0" fileid="4" />
                <SequencePoint vc="0" uspid="425" ordinal="2" offset="3" sl="14" sc="13" el="14" ec="72" bec="0" bev="0" fileid="4" />
                <SequencePoint vc="0" uspid="426" ordinal="3" offset="9" sl="15" sc="13" el="15" ec="28" bec="0" bev="0" fileid="4" />
                <SequencePoint vc="0" uspid="427" ordinal="4" offset="22" sl="16" sc="13" el="16" ec="28" bec="0" bev="0" fileid="4" />
                <SequencePoint vc="0" uspid="428" ordinal="5" offset="35" sl="17" sc="13" el="17" ec="28" bec="0" bev="0" fileid="4" />
                <SequencePoint vc="0" uspid="429" ordinal="6" offset="48" sl="18" sc="13" el="18" ec="28" bec="0" bev="0" fileid="4" />
                <SequencePoint vc="0" uspid="430" ordinal="7" offset="61" sl="19" sc="13" el="19" ec="28" bec="0" bev="0" fileid="4" />
                <SequencePoint vc="0" uspid="431" ordinal="8" offset="74" sl="20" sc="13" el="20" ec="28" bec="0" bev="0" fileid="4" />
                <SequencePoint vc="0" uspid="432" ordinal="9" offset="87" sl="21" sc="13" el="21" ec="41" bec="0" bev="0" fileid="4" />
                <SequencePoint vc="0" uspid="433" ordinal="10" offset="96" sl="23" sc="13" el="23" ec="14" bec="0" bev="0" fileid="4" />
                <SequencePoint vc="0" uspid="434" ordinal="11" offset="97" sl="25" sc="17" el="25" ec="18" bec="0" bev="0" fileid="4" />
                <SequencePoint vc="0" uspid="435" ordinal="12" offset="98" sl="26" sc="21" el="26" ec="60" bec="0" bev="0" fileid="4" />
                <SequencePoint vc="0" uspid="436" ordinal="13" offset="104" sl="27" sc="21" el="27" ec="70" bec="0" bev="0" fileid="4" />
                <SequencePoint vc="0" uspid="437" ordinal="14" offset="113" sl="28" sc="21" el="28" ec="50" bec="2" bev="0" fileid="4" />
                <SequencePoint vc="0" uspid="438" ordinal="15" offset="136" sl="29" sc="21" el="29" ec="22" bec="0" bev="0" fileid="4" />
                <SequencePoint vc="0" uspid="439" ordinal="16" offset="137" sl="30" sc="25" el="30" ec="80" bec="0" bev="0" fileid="4" />
                <SequencePoint vc="0" uspid="440" ordinal="17" offset="147" sl="31" sc="25" el="31" ec="71" bec="0" bev="0" fileid="4" />
                <SequencePoint vc="0" uspid="441" ordinal="18" offset="158" sl="32" sc="25" el="32" ec="62" bec="0" bev="0" fileid="4" />
                <SequencePoint vc="0" uspid="442" ordinal="19" offset="171" sl="33" sc="21" el="33" ec="22" bec="0" bev="0" fileid="4" />
                <SequencePoint vc="0" uspid="443" ordinal="20" offset="174" sl="34" sc="26" el="34" ec="37" bec="0" bev="0" fileid="4" />
                <SequencePoint vc="0" uspid="444" ordinal="21" offset="176" sl="35" sc="17" el="35" ec="18" bec="0" bev="0" fileid="4" />
                <SequencePoint vc="0" uspid="445" ordinal="22" offset="179" sl="36" sc="17" el="36" ec="43" bec="0" bev="0" fileid="4" />
                <SequencePoint vc="0" uspid="446" ordinal="23" offset="181" sl="37" sc="17" el="37" ec="18" bec="0" bev="0" fileid="4" />
                <SequencePoint vc="0" uspid="447" ordinal="24" offset="182" sl="38" sc="21" el="38" ec="51" bec="0" bev="0" fileid="4" />
                <SequencePoint vc="0" uspid="448" ordinal="25" offset="195" sl="39" sc="17" el="39" ec="18" bec="0" bev="0" fileid="4" />
                <SequencePoint vc="0" uspid="449" ordinal="26" offset="198" sl="40" sc="13" el="40" ec="14" bec="0" bev="0" fileid="4" />
                <SequencePoint vc="0" uspid="450" ordinal="27" offset="199" sl="22" sc="13" el="22" ec="25" bec="2" bev="0" fileid="4" />
                <SequencePoint vc="0" uspid="451" ordinal="28" offset="209" sl="41" sc="9" el="41" ec="10" bec="0" bev="0" fileid="4" />
              </SequencePoints>
              <BranchPoints>
                <BranchPoint vc="0" uspid="452" ordinal="0" offset="134" sl="28" path="0" offsetend="136" fileid="4" />
                <BranchPoint vc="0" uspid="453" ordinal="1" offset="134" sl="28" path="1" offsetend="174" fileid="4" />
                <BranchPoint vc="0" uspid="454" ordinal="2" offset="207" sl="22" path="0" offsetend="209" fileid="4" />
                <BranchPoint vc="0" uspid="455" ordinal="3" offset="207" sl="22" path="1" offsetend="96" fileid="4" />
              </BranchPoints>
              <MethodPoint xsi:type="SequencePoint" vc="0" uspid="423" ordinal="0" offset="0" sl="12" sc="9" el="12" ec="10" bec="0" bev="0" fileid="4" />
            </Method>
            <Method visited="false" cyclomaticComplexity="1" nPathComplexity="0" sequenceCoverage="0" branchCoverage="0" crapScore="2" isConstructor="true" isStatic="false" isGetter="false" isSetter="false">
              <Summary numSequencePoints="0" visitedSequencePoints="0" numBranchPoints="0" visitedBranchPoints="0" sequenceCoverage="0" branchCoverage="0" maxCyclomaticComplexity="1" minCyclomaticComplexity="1" maxCrapScore="2" minCrapScore="2" visitedClasses="0" numClasses="0" visitedMethods="0" numMethods="0" />
              <MetadataToken>100663308</MetadataToken>
              <Name>System.Void FuntionParser.Program::.ctor()</Name>
              <SequencePoints />
              <BranchPoints />
              <MethodPoint vc="0" uspid="456" ordinal="0" offset="0" />
            </Method>
          </Methods>
        </Class>
        <Class>
          <Summary numSequencePoints="6" visitedSequencePoints="6" numBranchPoints="1" visitedBranchPoints="1" sequenceCoverage="100" branchCoverage="100" maxCyclomaticComplexity="1" minCyclomaticComplexity="1" maxCrapScore="1" minCrapScore="1" visitedClasses="1" numClasses="1" visitedMethods="1" numMethods="1" />
          <FullName>FuntionParser.Tree</FullName>
          <Methods>
            <Method visited="true" cyclomaticComplexity="1" nPathComplexity="0" sequenceCoverage="100" branchCoverage="100" crapScore="1" isConstructor="false" isStatic="false" isGetter="false" isSetter="false">
              <Summary numSequencePoints="6" visitedSequencePoints="6" numBranchPoints="1" visitedBranchPoints="1" sequenceCoverage="100" branchCoverage="100" maxCyclomaticComplexity="1" minCyclomaticComplexity="1" maxCrapScore="1" minCrapScore="1" visitedClasses="0" numClasses="0" visitedMethods="1" numMethods="1" />
              <MetadataToken>100663309</MetadataToken>
              <Name>System.Void FuntionParser.Tree::Init(System.Int32,System.Int32,System.String,System.Int32)</Name>
              <FileRef uid="5" />
              <SequencePoints>
                <SequencePoint vc="65" uspid="457" ordinal="0" offset="0" sl="16" sc="9" el="16" ec="10" bec="0" bev="0" fileid="5">
                  <TrackedMethodRefs>
                    <TrackedMethodRef uid="9" vc="16" />
                    <TrackedMethodRef uid="8" vc="10" />
                    <TrackedMethodRef uid="6" vc="19" />
                    <TrackedMethodRef uid="4" vc="4" />
                    <TrackedMethodRef uid="2" vc="4" />
                    <TrackedMethodRef uid="3" vc="4" />
                    <TrackedMethodRef uid="5" vc="4" />
                    <TrackedMethodRef uid="1" vc="4" />
                  </TrackedMethodRefs>
                </SequencePoint>
                <SequencePoint vc="65" uspid="458" ordinal="1" offset="1" sl="17" sc="13" el="17" ec="42" bec="0" bev="0" fileid="5">
                  <TrackedMethodRefs>
                    <TrackedMethodRef uid="9" vc="16" />
                    <TrackedMethodRef uid="8" vc="10" />
                    <TrackedMethodRef uid="6" vc="19" />
                    <TrackedMethodRef uid="4" vc="4" />
                    <TrackedMethodRef uid="2" vc="4" />
                    <TrackedMethodRef uid="3" vc="4" />
                    <TrackedMethodRef uid="5" vc="4" />
                    <TrackedMethodRef uid="1" vc="4" />
                  </TrackedMethodRefs>
                </SequencePoint>
                <SequencePoint vc="65" uspid="459" ordinal="2" offset="8" sl="18" sc="13" el="18" ec="44" bec="0" bev="0" fileid="5">
                  <TrackedMethodRefs>
                    <TrackedMethodRef uid="9" vc="16" />
                    <TrackedMethodRef uid="8" vc="10" />
                    <TrackedMethodRef uid="6" vc="19" />
                    <TrackedMethodRef uid="4" vc="4" />
                    <TrackedMethodRef uid="2" vc="4" />
                    <TrackedMethodRef uid="3" vc="4" />
                    <TrackedMethodRef uid="5" vc="4" />
                    <TrackedMethodRef uid="1" vc="4" />
                  </TrackedMethodRefs>
                </SequencePoint>
                <SequencePoint vc="65" uspid="460" ordinal="3" offset="15" sl="19" sc="13" el="19" ec="32" bec="0" bev="0" fileid="5">
                  <TrackedMethodRefs>
                    <TrackedMethodRef uid="9" vc="16" />
                    <TrackedMethodRef uid="8" vc="10" />
                    <TrackedMethodRef uid="6" vc="19" />
                    <TrackedMethodRef uid="4" vc="4" />
                    <TrackedMethodRef uid="2" vc="4" />
                    <TrackedMethodRef uid="3" vc="4" />
                    <TrackedMethodRef uid="5" vc="4" />
                    <TrackedMethodRef uid="1" vc="4" />
                  </TrackedMethodRefs>
                </SequencePoint>
                <SequencePoint vc="65" uspid="461" ordinal="4" offset="22" sl="20" sc="13" el="20" ec="34" bec="0" bev="0" fileid="5">
                  <TrackedMethodRefs>
                    <TrackedMethodRef uid="9" vc="16" />
                    <TrackedMethodRef uid="8" vc="10" />
                    <TrackedMethodRef uid="6" vc="19" />
                    <TrackedMethodRef uid="4" vc="4" />
                    <TrackedMethodRef uid="2" vc="4" />
                    <TrackedMethodRef uid="3" vc="4" />
                    <TrackedMethodRef uid="5" vc="4" />
                    <TrackedMethodRef uid="1" vc="4" />
                  </TrackedMethodRefs>
                </SequencePoint>
                <SequencePoint vc="65" uspid="462" ordinal="5" offset="30" sl="21" sc="9" el="21" ec="10" bec="0" bev="0" fileid="5">
                  <TrackedMethodRefs>
                    <TrackedMethodRef uid="9" vc="16" />
                    <TrackedMethodRef uid="8" vc="10" />
                    <TrackedMethodRef uid="6" vc="19" />
                    <TrackedMethodRef uid="4" vc="4" />
                    <TrackedMethodRef uid="2" vc="4" />
                    <TrackedMethodRef uid="3" vc="4" />
                    <TrackedMethodRef uid="5" vc="4" />
                    <TrackedMethodRef uid="1" vc="4" />
                  </TrackedMethodRefs>
                </SequencePoint>
              </SequencePoints>
              <BranchPoints />
              <MethodPoint xsi:type="SequencePoint" vc="65" uspid="457" ordinal="0" offset="0" sl="16" sc="9" el="16" ec="10" bec="0" bev="0" fileid="5">
                <TrackedMethodRefs>
                  <TrackedMethodRef uid="9" vc="16" />
                  <TrackedMethodRef uid="8" vc="10" />
                  <TrackedMethodRef uid="6" vc="19" />
                  <TrackedMethodRef uid="4" vc="4" />
                  <TrackedMethodRef uid="2" vc="4" />
                  <TrackedMethodRef uid="3" vc="4" />
                  <TrackedMethodRef uid="5" vc="4" />
                  <TrackedMethodRef uid="1" vc="4" />
                </TrackedMethodRefs>
              </MethodPoint>
            </Method>
          </Methods>
        </Class>
      </Classes>
      <TrackedMethods />
    </Module>
  </Modules>
</CoverageSession>